<?xml version="1.0" encoding="utf-8"?><testsuites name="pytest tests"><testsuite name="pytest" errors="0" failures="0" skipped="0" tests="1463" time="177.173" timestamp="2026-07-12T02:16:36.370184+00:00" hostname="DESKTOP-UPVP7BU"><testcase classname="tests.test_admin_packages" name="test_migration_seeds_default_plans" time="0.462" /><testcase classname="tests.test_admin_packages" name="test_admin_lists_and_updates_plans" time="1.044" /><testcase classname="tests.test_admin_packages" name="test_admin_can_update_and_filter_user_plan" time="0.957" /><testcase classname="tests.test_admin_packages" name="test_admin_rejects_unknown_or_inactive_user_plan" time="0.918" /><testcase classname="tests.test_admin_packages" name="test_legacy_plan_settings_is_rejected" time="0.620" /><testcase classname="tests.test_admin_packages" name="test_admin_check_all_providers_uses_ping_module" time="0.675" /><testcase classname="tests.test_ai_prompt" name="test_scene_extraction_prompt_contains[Reference Integrity]" time="0.001" /><testcase classname="tests.test_ai_prompt" name="test_scene_extraction_prompt_contains[Expression Integrity]" time="0.000" /><testcase classname="tests.test_ai_prompt" name="test_scene_extraction_prompt_contains[Self-check]" time="0.000" /><testcase classname="tests.test_ai_prompt" name="test_scene_extraction_prompt_contains[Quy t\u1eafc relation type]" time="0.000" /><testcase classname="tests.test_ai_prompt" name="test_scene_extraction_prompt_contains[midpoint]" time="0.000" /><testcase classname="tests.test_ai_prompt" name="test_scene_extraction_prompt_contains[on_plane]" time="0.000" /><testcase classname="tests.test_ai_prompt" name="test_scene_extraction_prompt_contains[on_line]" time="0.000" /><testcase classname="tests.test_ai_prompt" name="test_scene_extraction_prompt_contains[on_sphere]" time="0.000" /><testcase classname="tests.test_ai_prompt" name="test_scene_extraction_prompt_contains[on_circle]" time="0.000" /><testcase classname="tests.test_ai_prompt" name="test_scene_extraction_prompt_contains[collinear]" time="0.000" /><testcase classname="tests.test_ai_prompt" name="test_scene_extraction_prompt_contains[coplanar]" time="0.000" /><testcase classname="tests.test_ai_prompt" name="test_scene_extraction_prompt_contains[tangent]" time="0.000" /><testcase classname="tests.test_ai_prompt" name="test_scene_extraction_prompt_contains[distance]" time="0.000" /><testcase classname="tests.test_ai_prompt" name="test_scene_extraction_prompt_contains[angle]" time="0.000" /><testcase classname="tests.test_ai_prompt" name="test_scene_prompt_has_relation_example[&quot;type&quot;:&quot;midpoint&quot;]" time="0.000" /><testcase classname="tests.test_ai_prompt" name="test_scene_prompt_has_relation_example[&quot;type&quot;:&quot;on_plane&quot;]" time="0.000" /><testcase classname="tests.test_ai_prompt" name="test_scene_prompt_has_relation_example[&quot;type&quot;:&quot;on_line&quot;]" time="0.000" /><testcase classname="tests.test_ai_prompt" name="test_scene_prompt_has_relation_example[&quot;type&quot;:&quot;on_sphere&quot;]" time="0.000" /><testcase classname="tests.test_ai_prompt" name="test_scene_prompt_has_relation_example[&quot;type&quot;:&quot;on_circle&quot;]" time="0.000" /><testcase classname="tests.test_ai_prompt" name="test_scene_prompt_has_relation_example[&quot;type&quot;:&quot;collinear&quot;]" time="0.000" /><testcase classname="tests.test_ai_prompt" name="test_scene_prompt_has_relation_example[&quot;type&quot;:&quot;coplanar&quot;]" time="0.000" /><testcase classname="tests.test_ai_prompt" name="test_scene_prompt_has_relation_example[&quot;type&quot;:&quot;tangent&quot;]" time="0.000" /><testcase classname="tests.test_ai_prompt" name="test_scene_prompt_has_relation_example[&quot;type&quot;:&quot;distance&quot;]" time="0.000" /><testcase classname="tests.test_ai_prompt" name="test_scene_prompt_has_relation_example[&quot;type&quot;:&quot;angle&quot;]" time="0.000" /><testcase classname="tests.test_ai_prompt" name="test_scene_prompt_warns_about_dropping_invalid_refs" time="0.000" /><testcase classname="tests.test_ai_prompt" name="test_scene_prompt_mentions_naming_uniqueness" time="0.000" /><testcase classname="tests.test_ai_prompt" name="test_reasoning_prompt_contains[Self-check]" time="0.000" /><testcase classname="tests.test_ai_prompt" name="test_reasoning_prompt_contains[midpoint]" time="0.000" /><testcase classname="tests.test_ai_prompt" name="test_reasoning_prompt_contains[on_plane]" time="0.000" /><testcase classname="tests.test_ai_prompt" name="test_reasoning_prompt_contains[on_line]" time="0.000" /><testcase classname="tests.test_ai_provider_fallbacks" name="test_http_pool_close_all_closes_async_clients" time="0.058" /><testcase classname="tests.test_ai_provider_fallbacks" name="test_render_request_accepts_new_ai_providers" time="0.000" /><testcase classname="tests.test_ai_provider_fallbacks" name="test_request_schemas_reject_large_user_inputs" time="0.007" /><testcase classname="tests.test_ai_provider_fallbacks" name="test_provider_error_redaction_removes_secrets_and_image_data" time="0.000" /><testcase classname="tests.test_ai_provider_fallbacks" name="test_chat_message_input_chars_counts_prompt_and_multimodal_content" time="0.000" /><testcase classname="tests.test_ai_provider_fallbacks" name="test_openai_compat_request_logs_full_input_chars" time="0.004" /><testcase classname="tests.test_ai_provider_fallbacks" name="test_openai_compat_scene_payload_limits_output_and_requests_json" time="0.003" /><testcase classname="tests.test_ai_provider_fallbacks" name="test_openrouter_runtime_skips_reasoning_for_known_non_thinking_model" time="0.006" /><testcase classname="tests.test_ai_provider_fallbacks" name="test_openrouter_runtime_sends_reasoning_for_known_thinking_model" time="0.004" /><testcase classname="tests.test_ai_provider_fallbacks" name="test_openrouter_runtime_preserves_reasoning_for_unknown_model_with_global_policy" time="0.004" /><testcase classname="tests.test_ai_provider_fallbacks" name="test_openai_compat_recovers_non_json_sse_response" time="0.006" /><testcase classname="tests.test_ai_provider_fallbacks" name="test_openai_compat_invalid_scene_json_logs_parse_error" time="0.006" /><testcase classname="tests.test_ai_provider_fallbacks" name="test_router9_reasoning_request_logs_reasoning_kind_and_input_chars" time="0.005" /><testcase classname="tests.test_ai_provider_fallbacks" name="test_openai_compat_provider_check_uses_small_chat_payload" time="0.006" /><testcase classname="tests.test_ai_provider_fallbacks" name="test_provider_ping_uses_small_chat_payload" time="0.005" /><testcase classname="tests.test_ai_provider_fallbacks" name="test_provider_order_auto_skips_remote_providers_without_api_keys" time="0.004" /><testcase classname="tests.test_ai_provider_fallbacks" name="test_provider_order_auto_skips_whitespace_api_keys" time="0.003" /><testcase classname="tests.test_ai_provider_fallbacks" name="test_provider_order_auto_includes_configured_remote_fallbacks" time="0.004" /><testcase classname="tests.test_ai_provider_fallbacks" name="test_provider_order_auto_prefers_router9_when_connected" time="0.003" /><testcase classname="tests.test_ai_provider_fallbacks" name="test_provider_order_keeps_nemotron_fallbacks_together" time="0.003" /><testcase classname="tests.test_ai_provider_fallbacks" name="test_provider_order_prefers_local_gpt_oss_when_selected" time="0.003" /><testcase classname="tests.test_ai_provider_fallbacks" name="test_provider_order_mock_skips_ai_providers" time="0.003" /><testcase classname="tests.test_ai_provider_fallbacks" name="test_provider_order_router9_direct_selection_can_fallback_when_not_only_mode" time="0.004" /><testcase classname="tests.test_ai_provider_fallbacks" name="test_provider_order_router9_only_restricts_to_router9" time="0.009" /><testcase classname="tests.test_ai_provider_fallbacks" name="test_provider_order_router9_only_rejects_other_providers" time="0.004" /><testcase classname="tests.test_ai_provider_fallbacks" name="test_empty_runtime_settings_do_not_override_environment_settings" time="0.007" /><testcase classname="tests.test_ai_provider_fallbacks" name="test_partial_runtime_settings_override_only_provided_values" time="0.010" /><testcase classname="tests.test_ai_provider_fallbacks" name="test_runtime_settings_merge_router9_values" time="0.006" /><testcase classname="tests.test_ai_provider_fallbacks" name="test_router9_default_base_url_targets_local_gateway" time="0.003" /><testcase classname="tests.test_ai_provider_fallbacks" name="test_runtime_settings_ignore_blank_provider_overrides" time="0.009" /><testcase classname="tests.test_ai_provider_fallbacks" name="test_runtime_settings_router9_only_can_override_false" time="0.009" /><testcase classname="tests.test_ai_provider_fallbacks" name="test_select_codex_model_ids_keeps_5_1_and_newer" time="0.000" /><testcase classname="tests.test_ai_provider_fallbacks" name="test_select_router9_preferred_models_match_requested_order" time="0.001" /><testcase classname="tests.test_ai_provider_fallbacks" name="test_bootstrap_router9_models_adds_codex_defaults" time="0.005" /><testcase classname="tests.test_ai_provider_fallbacks" name="test_model_scan_provider_rejects_unknown_provider_ids" time="0.000" /><testcase classname="tests.test_ai_provider_fallbacks" name="test_openai_compat_scan_models_uses_models_endpoint_without_api_key" time="0.004" /><testcase classname="tests.test_ai_provider_fallbacks" name="test_openai_compat_scan_models_falls_back_to_v1_models" time="0.004" /><testcase classname="tests.test_ai_provider_fallbacks" name="test_router9_list_models_uses_openai_compatible_models_endpoint" time="0.003" /><testcase classname="tests.test_ai_provider_fallbacks" name="test_router9_chat_payload_avoids_response_format" time="0.004" /><testcase classname="tests.test_ai_provider_fallbacks" name="test_extract_chat_message_content_accepts_part_lists" time="0.000" /><testcase classname="tests.test_ai_provider_fallbacks" name="test_extract_chat_response_content_accepts_responses_shapes" time="0.000" /><testcase classname="tests.test_ai_provider_fallbacks" name="test_render_fallback_success_returns_prior_failures_as_warnings" time="0.009" /><testcase classname="tests.test_ai_provider_fallbacks" name="test_render_continues_after_invalid_ai_response" time="0.009" /><testcase classname="tests.test_ai_provider_fallbacks" name="test_render_profile_fallback_models_are_used_only_without_explicit_model" time="0.006" /><testcase classname="tests.test_ai_provider_fallbacks" name="test_render_profile_fallback_models_for_provider_alias_require_no_explicit_model" time="0.004" /><testcase classname="tests.test_ai_provider_fallbacks" name="test_openrouter_base_url_normalizes_missing_api_segment" time="0.004" /><testcase classname="tests.test_ai_provider_fallbacks" name="test_ollama_cloud_scan_uses_openai_models_endpoint" time="0.004" /><testcase classname="tests.test_ai_provider_fallbacks" name="test_render_router9_allowlist_uses_single_selected_model" time="0.008" /><testcase classname="tests.test_ai_provider_fallbacks" name="test_render_router9_accepts_explicit_vendor_prefixed_model" time="0.004" /><testcase classname="tests.test_ai_provider_fallbacks" name="test_render_explicit_model_bypasses_registry_task_profile" time="0.007" /><testcase classname="tests.test_ai_provider_fallbacks" name="test_render_provider_selection_uses_runtime_model_when_payload_model_missing" time="0.004" /><testcase classname="tests.test_ai_provider_fallbacks" name="test_render_explicit_openai_compat_is_tried_before_fallback_without_api_key" time="0.005" /><testcase classname="tests.test_ai_provider_fallbacks" name="test_render_explicit_model_does_not_fallback_to_other_providers" time="0.007" /><testcase classname="tests.test_ai_provider_fallbacks" name="test_render_explicit_model_ignores_configured_profile_fallbacks" time="0.009" /><testcase classname="tests.test_ai_provider_fallbacks" name="test_render_explicit_ollama_alias_uses_ollama_provider" time="0.007" /><testcase classname="tests.test_ai_provider_fallbacks" name="test_render_tries_full_provider_order_before_mock" time="0.009" /><testcase classname="tests.test_ai_provider_fallbacks" name="test_render_skips_openrouter_family_without_api_key" time="0.004" /><testcase classname="tests.test_ai_provider_fallbacks" name="test_render_all_ai_failures_warn_with_attempt_chain_before_mock" time="0.006" /><testcase classname="tests.test_ai_provider_fallbacks" name="test_render_router9_only_failure_includes_attempted_model" time="0.009" /><testcase classname="tests.test_ai_provider_fallbacks" name="test_render_route_returns_failure_directly" time="0.415" /><testcase classname="tests.test_ai_provider_fallbacks" name="test_solver_explainer_falls_back_when_openrouter_model_is_invalid" time="0.014" /><testcase classname="tests.test_ai_provider_fallbacks" name="test_render_scene_route_rebuilds_payload_from_edited_scene" time="0.009" /><testcase classname="tests.test_ai_providers" name="test_openrouter_detects_free_thinking_vision_from_metadata" time="0.000" /><testcase classname="tests.test_ai_providers" name="test_nvidia_free_endpoint_stays_false_without_explicit_metadata" time="0.000" /><testcase classname="tests.test_ai_providers" name="test_nvidia_detects_preview_nim_type_as_free_endpoint" time="0.000" /><testcase classname="tests.test_ai_providers" name="test_openrouter_adapter_lists_only_models_with_free_tag[asyncio]" time="0.004" /><testcase classname="tests.test_ai_providers" name="test_openrouter_client_explicit_thinking_requires_known_capability[asyncio]" time="0.004" /><testcase classname="tests.test_ai_providers" name="test_nvidia_adapter_lists_models_with_capabilities[asyncio]" time="0.005" /><testcase classname="tests.test_ai_providers" name="test_openrouter_chat_payload_gates_reasoning_by_capability" time="0.000" /><testcase classname="tests.test_ai_providers" name="test_unknown_thinking_payload_requires_explicit_unknown_allowance" time="0.000" /><testcase classname="tests.test_ai_providers" name="test_nvidia_chat_payload_uses_provider_specific_thinking_param" time="0.000" /><testcase classname="tests.test_alerts_and_metrics" name="test_extract_token_usage_from_openai_payload" time="0.000" /><testcase classname="tests.test_alerts_and_metrics" name="test_ai_call_metrics_insert" time="0.001" /><testcase classname="tests.test_alerts_and_metrics" name="test_alert_checks_fire_on_spike" time="0.004" /><testcase classname="tests.test_algebra_ai_explainer" name="test_ai_explainer_only_rewrites_safe_language_fields[asyncio]" time="0.001" /><testcase classname="tests.test_algebra_ai_explainer" name="test_ai_explainer_ignores_extra_ai_steps_and_keeps_order[asyncio]" time="0.001" /><testcase classname="tests.test_algebra_ai_extraction_merge" name="test_merge_keeps_user_domain_topic_and_variables" time="0.000" /><testcase classname="tests.test_algebra_ai_extraction_merge" name="test_merge_fills_auto_fields_from_ai" time="0.000" /><testcase classname="tests.test_algebra_ai_extraction_merge" name="test_merge_keeps_default_domain_r_over_ai" time="0.000" /><testcase classname="tests.test_algebra_calculus_solver" name="test_calculus_solver_explains_chain_rule_derivative" time="0.122" /><testcase classname="tests.test_algebra_calculus_solver" name="test_calculus_solver_explains_zero_over_zero_limit" time="0.022" /><testcase classname="tests.test_algebra_calculus_solver" name="test_calculus_solver_explains_definite_integral" time="0.026" /><testcase classname="tests.test_algebra_calculus_solver" name="test_calculus_integral_equation_solves_upper_bound" time="0.019" /><testcase classname="tests.test_algebra_calculus_solver" name="test_calculus_interpreter_detects_vietnamese_natural_inputs" time="0.034" /><testcase classname="tests.test_algebra_calculus_solver" name="test_calculus_derivative_explains_quotient_rule" time="0.048" /><testcase classname="tests.test_algebra_calculus_solver" name="test_calculus_derivative_explains_logarithmic_differentiation" time="0.207" /><testcase classname="tests.test_algebra_calculus_solver" name="test_calculus_derivative_explains_trig_chain_rule_and_higher_order" time="0.233" /><testcase classname="tests.test_algebra_calculus_solver" name="test_calculus_limit_explains_conjugate_infinity_trig_and_lhospital" time="0.114" /><testcase classname="tests.test_algebra_calculus_solver" name="test_calculus_integral_explains_advanced_techniques" time="0.281" /><testcase classname="tests.test_algebra_calculus_solver" name="test_calculus_solver_accepts_latex_derivative_and_definite_integral" time="0.211" /><testcase classname="tests.test_algebra_calculus_solver" name="test_calculus_solver_accepts_mathquill_simple_definite_integral" time="0.019" /><testcase classname="tests.test_algebra_calculus_solver" name="test_calculus_solver_overrides_stale_trig_topic_for_integral" time="0.007" /><testcase classname="tests.test_algebra_combinatorics_solver" name="test_combinatorics_solver_calculates_combination" time="0.002" /><testcase classname="tests.test_algebra_combinatorics_solver" name="test_combinatorics_solver_calculates_permutation" time="0.001" /><testcase classname="tests.test_algebra_combinatorics_solver" name="test_combinatorics_solver_calculates_factorial" time="0.002" /><testcase classname="tests.test_algebra_combinatorics_solver" name="test_combinatorics_solver_calculates_coefficient" time="0.002" /><testcase classname="tests.test_algebra_combinatorics_solver" name="test_combinatorics_rejects_huge_factorial" time="0.001" /><testcase classname="tests.test_algebra_combinatorics_solver" name="test_combinatorics_rejects_huge_n" time="0.000" /><testcase classname="tests.test_algebra_combinatorics_solver" name="test_probability_classical_fraction" time="0.001" /><testcase classname="tests.test_algebra_combinatorics_solver" name="test_probability_complement_and_independent" time="0.001" /><testcase classname="tests.test_algebra_combinatorics_solver" name="test_probability_from_vietnamese_interpreter" time="0.001" /><testcase classname="tests.test_algebra_complex_solver" name="test_complex_solver_solves_quadratic_over_complex_domain" time="0.011" /><testcase classname="tests.test_algebra_complex_solver" name="test_complex_solver_evaluates_abs_expression" time="0.003" /><testcase classname="tests.test_algebra_core_matrix" name="test_core_matrix_case[x^2-5*x+6=0-auto-allowed0-_keys0]" time="0.034" /><testcase classname="tests.test_algebra_core_matrix" name="test_core_matrix_case[Abs(x-1)=2-auto-allowed1-_keys1]" time="0.022" /><testcase classname="tests.test_algebra_core_matrix" name="test_core_matrix_case[Abs(x)=3-auto-allowed2-_keys2]" time="0.012" /><testcase classname="tests.test_algebra_core_matrix" name="test_core_matrix_case[sqrt(x+1)=x-1-auto-allowed3-_keys3]" time="0.074" /><testcase classname="tests.test_algebra_core_matrix" name="test_core_matrix_case[sqrt(x)=2-auto-allowed4-_keys4]" time="0.025" /><testcase classname="tests.test_algebra_core_matrix" name="test_core_matrix_case[(x-1)/(x+2)=0-auto-allowed5-_keys5]" time="0.028" /><testcase classname="tests.test_algebra_core_matrix" name="test_core_matrix_case[x**2-1=0-auto-allowed6-_keys6]" time="0.024" /><testcase classname="tests.test_algebra_core_matrix" name="test_core_matrix_case[2*x+3=7-auto-allowed7-_keys7]" time="0.013" /><testcase classname="tests.test_algebra_core_matrix" name="test_core_matrix_case[(x-1)/(x+2)&gt;0-auto-allowed8-None]" time="0.064" /><testcase classname="tests.test_algebra_core_matrix" name="test_core_matrix_case[x^2-1&lt;0-auto-allowed9-None]" time="0.031" /><testcase classname="tests.test_algebra_core_matrix" name="test_core_matrix_case[Abs(x-1)&lt;2-auto-allowed10-None]" time="0.038" /><testcase classname="tests.test_algebra_core_matrix" name="test_core_matrix_case[Abs(x)+Abs(x-1)&lt;3-auto-allowed11-None]" time="0.250" /><testcase classname="tests.test_algebra_core_matrix" name="test_core_matrix_case[sqrt(x+1)&lt;2-auto-allowed12-None]" time="0.103" /><testcase classname="tests.test_algebra_core_matrix" name="test_core_matrix_case[x-1&gt;=0-auto-allowed13-None]" time="0.016" /><testcase classname="tests.test_algebra_core_matrix" name="test_core_matrix_case[x**2&gt;=0-auto-allowed14-None]" time="0.010" /><testcase classname="tests.test_algebra_core_matrix" name="test_core_matrix_case[(x-2)/(x-1)&lt;=0-auto-allowed15-None]" time="0.052" /><testcase classname="tests.test_algebra_core_matrix" name="test_core_matrix_case[2*sin(x)**2-sin(x)-1=0-trigonometry-allowed16-None]" time="0.156" /><testcase classname="tests.test_algebra_core_matrix" name="test_core_matrix_case[sin(x)=1/2-trigonometry-allowed17-None]" time="0.054" /><testcase classname="tests.test_algebra_core_matrix" name="test_core_matrix_case[log(x-1)+log(x+1)=log(3)-exponential_log-allowed18-None]" time="0.064" /><testcase classname="tests.test_algebra_core_matrix" name="test_core_matrix_case[2**x=8-exponential_log-allowed19-None]" time="0.011" /><testcase classname="tests.test_algebra_core_matrix" name="test_core_matrix_case[exp(x)=1-exponential_log-allowed20-None]" time="0.014" /><testcase classname="tests.test_algebra_core_matrix" name="test_core_matrix_case[x+y=1; x-y=1-system-allowed21-None]" time="0.014" /><testcase classname="tests.test_algebra_core_matrix" name="test_core_matrix_case[x+y=3; 2*x-y=0-system-allowed22-None]" time="0.015" /><testcase classname="tests.test_algebra_core_matrix" name="test_core_matrix_case[arithmetic(u1=2,d=3,n=10)-sequence-allowed23-None]" time="0.002" /><testcase classname="tests.test_algebra_core_matrix" name="test_core_matrix_case[C(10,3)-combinatorics_probability-allowed24-_keys24]" time="0.001" /><testcase classname="tests.test_algebra_core_matrix" name="test_core_matrix_case[A(5,2)-combinatorics_probability-allowed25-_keys25]" time="0.001" /><testcase classname="tests.test_algebra_core_matrix" name="test_core_matrix_case[5!-combinatorics_probability-allowed26-_keys26]" time="0.001" /><testcase classname="tests.test_algebra_core_matrix" name="test_core_matrix_case[P(3/10)-combinatorics_probability-allowed27-_keys27]" time="0.001" /><testcase classname="tests.test_algebra_core_matrix" name="test_core_matrix_case[P_not(2/5)-combinatorics_probability-allowed28-_keys28]" time="0.001" /><testcase classname="tests.test_algebra_core_matrix" name="test_core_matrix_case[P_and(1/2,1/3)-combinatorics_probability-allowed29-_keys29]" time="0.001" /><testcase classname="tests.test_algebra_core_matrix" name="test_core_matrix_case[Punion(1/2,1/3)-combinatorics_probability-allowed30-_keys30]" time="0.001" /><testcase classname="tests.test_algebra_core_matrix" name="test_core_matrix_case[Pcond(1/2,1/3)-combinatorics_probability-allowed31-_keys31]" time="0.001" /><testcase classname="tests.test_algebra_core_matrix" name="test_core_matrix_case[bernoulli(5,2,1/2)-combinatorics_probability-allowed32-_keys32]" time="0.001" /><testcase classname="tests.test_algebra_core_matrix" name="test_core_matrix_case[stats(data=1,2,2,3,5)-statistics-allowed33-_keys33]" time="0.002" /><testcase classname="tests.test_algebra_core_matrix" name="test_core_matrix_case[stats(data=1,2,3)-statistics-allowed34-_keys34]" time="0.001" /><testcase classname="tests.test_algebra_core_matrix" name="test_core_matrix_case[stats_freq(values=1,2,3;freqs=2,3,1)-statistics-allowed35-_keys35]" time="0.002" /><testcase classname="tests.test_algebra_core_matrix" name="test_core_matrix_case[derivative(expr=x**2,var=x)-calculus_derivative-allowed36-None]" time="0.009" /><testcase classname="tests.test_algebra_core_matrix" name="test_core_matrix_case[limit(expr=(x**2-1)/(x-1),var=x,to=1)-calculus_limit-allowed37-None]" time="0.005" /><testcase classname="tests.test_algebra_core_matrix" name="test_core_matrix_case[integral(expr=x,var=x)-calculus_integral-allowed38-None]" time="0.005" /><testcase classname="tests.test_algebra_core_matrix" name="test_core_matrix_case[quadratic_has_two_roots(a=1,b=m,c=1,var=x,param=m)-parameter-allowed39-None]" time="0.021" /><testcase classname="tests.test_algebra_core_matrix" name="test_core_matrix_case[x**3-x=0-auto-allowed40-None]" time="0.031" /><testcase classname="tests.test_algebra_core_matrix" name="test_core_matrix_case[1/x=2-auto-allowed41-_keys41]" time="0.017" /><testcase classname="tests.test_algebra_core_matrix" name="test_core_matrix_case[x**2+1=0-auto-allowed42-None]" time="0.015" /><testcase classname="tests.test_algebra_core_matrix" name="test_core_matrix_case[0*x=1-auto-allowed43-None]" time="0.005" /><testcase classname="tests.test_algebra_core_matrix" name="test_core_matrix_case[Abs(2*x-4)=0-auto-allowed44-_keys44]" time="0.012" /><testcase classname="tests.test_algebra_core_matrix" name="test_core_matrix_case[sqrt(x-1)&gt;=0-inequality-allowed45-None]" time="0.107" /><testcase classname="tests.test_algebra_core_matrix" name="test_core_matrix_case[x!=1-inequality-allowed46-None]" time="0.011" /><testcase classname="tests.test_algebra_core_matrix" name="test_core_matrix_case[0&lt;x&lt;1-inequality-allowed47-None]" time="0.013" /><testcase classname="tests.test_algebra_core_matrix" name="test_core_matrix_case[cos(x)=0-trigonometry-allowed48-None]" time="0.021" /><testcase classname="tests.test_algebra_core_matrix" name="test_core_matrix_case[ln(x)=0-exponential_log-allowed49-None]" time="0.011" /><testcase classname="tests.test_algebra_core_matrix" name="test_abs_equation_pedagogy_and_roots" time="0.022" /><testcase classname="tests.test_algebra_core_matrix" name="test_abs_inequality_interval" time="0.037" /><testcase classname="tests.test_algebra_core_matrix" name="test_radical_inequality_respects_domain" time="0.114" /><testcase classname="tests.test_algebra_core_matrix" name="test_sign_chart_rational_inequality_steps" time="0.049" /><testcase classname="tests.test_algebra_core_matrix" name="test_bernoulli_exact" time="0.001" /><testcase classname="tests.test_algebra_cost_circuit_pdf" name="test_cost_increases_with_complexity_and_ai" time="0.000" /><testcase classname="tests.test_algebra_cost_circuit_pdf" name="test_circuit_breaker_opens_after_threshold_timeouts" time="0.000" /><testcase classname="tests.test_algebra_cost_circuit_pdf" name="test_pdf_export_starts_with_pdf_header" time="0.071" /><testcase classname="tests.test_algebra_cost_circuit_pdf" name="test_probability_union_and_cond" time="0.001" /><testcase classname="tests.test_algebra_domain" name="test_compute_domain_polynomial" time="0.001" /><testcase classname="tests.test_algebra_domain" name="test_compute_domain_rational" time="0.002" /><testcase classname="tests.test_algebra_domain" name="test_compute_domain_sqrt" time="0.028" /><testcase classname="tests.test_algebra_domain" name="test_compute_domain_log" time="0.030" /><testcase classname="tests.test_algebra_domain" name="test_format_domain" time="0.001" /><testcase classname="tests.test_algebra_domain" name="test_domain_assumptions_from_expression_reals" time="0.001" /><testcase classname="tests.test_algebra_domain" name="test_domain_assumptions_from_expression_formatted" time="0.001" /><testcase classname="tests.test_algebra_domain" name="test_domain_assumptions_fallback" time="0.024" /><testcase classname="tests.test_algebra_equation_solver" name="test_equation_solver_uses_requested_complex_domain" time="0.012" /><testcase classname="tests.test_algebra_equation_solver" name="test_equation_solver_uses_requested_integer_domain" time="0.018" /><testcase classname="tests.test_algebra_equation_solver" name="test_equation_solver_solves_quadratic" time="0.030" /><testcase classname="tests.test_algebra_equation_solver" name="test_equation_solver_explains_quadratic_formula_steps" time="0.023" /><testcase classname="tests.test_algebra_equation_solver" name="test_equation_solver_explains_depressed_cubic_with_compact_answer" time="0.135" /><testcase classname="tests.test_algebra_equation_solver" name="test_equation_solver_reports_empty_solution_set" time="0.011" /><testcase classname="tests.test_algebra_equation_solver" name="test_equation_solver_filters_extraneous_sqrt_solution" time="0.064" /><testcase classname="tests.test_algebra_equation_solver" name="test_equation_solver_splits_factored_denominator_assumptions" time="0.026" /><testcase classname="tests.test_algebra_equation_solver" name="test_equation_solver_keeps_original_rational_domain_after_simplification" time="0.024" /><testcase classname="tests.test_algebra_equation_solver" name="test_equation_solver_explains_cubic_by_rational_root_and_division" time="0.043" /><testcase classname="tests.test_algebra_equation_solver" name="test_equation_solver_explains_biquadratic_substitution" time="0.042" /><testcase classname="tests.test_algebra_equation_solver" name="test_equation_solver_explains_double_radical_by_two_squarings" time="0.097" /><testcase classname="tests.test_algebra_exp_log_solver" name="test_exp_log_solver_solves_exponential_equation" time="0.010" /><testcase classname="tests.test_algebra_exp_log_solver" name="test_exp_log_solver_solves_log_equation_with_domain" time="0.053" /><testcase classname="tests.test_algebra_exp_log_solver" name="test_exp_log_solver_solves_log_sum_equation" time="0.072" /><testcase classname="tests.test_algebra_exp_log_solver" name="test_exp_log_solver_accepts_mathquill_log_base_with_fraction_argument" time="0.138" /><testcase classname="tests.test_algebra_exp_log_solver" name="test_exp_log_solver_explains_exponential_substitution" time="0.032" /><testcase classname="tests.test_algebra_exp_log_solver" name="test_exp_log_solver_moves_log_coefficient_inside" time="0.037" /><testcase classname="tests.test_algebra_exp_log_solver" name="test_exp_log_solver_combines_log_quotient" time="0.072" /><testcase classname="tests.test_algebra_exp_log_solver" name="test_exp_log_solver_handles_reciprocal_exponential_substitution" time="0.249" /><testcase classname="tests.test_algebra_exp_log_solver" name="test_exp_log_solver_uses_log_both_sides_for_single_exponential" time="0.017" /><testcase classname="tests.test_algebra_exp_log_solver" name="test_exp_log_solver_accepts_lowercase_e_as_euler" time="0.010" /><testcase classname="tests.test_algebra_exp_log_solver" name="test_exp_log_solver_accepts_uppercase_E_without_stealing_variable" time="0.010" /><testcase classname="tests.test_algebra_exp_log_solver" name="test_exp_log_solver_substitutes_exp_sum_of_reciprocals" time="0.040" /><testcase classname="tests.test_algebra_exp_log_solver" name="test_exp_log_solver_substitutes_quadratic_in_exp" time="0.025" /><testcase classname="tests.test_algebra_exp_log_solver" name="test_exp_log_domain_filters_spurious_root" time="0.064" /><testcase classname="tests.test_algebra_inequality_solver" name="test_inequality_solver_solves_polynomial_interval" time="0.029" /><testcase classname="tests.test_algebra_inequality_solver" name="test_inequality_solver_solves_rational_interval_with_domain_assumption" time="0.054" /><testcase classname="tests.test_algebra_inequality_solver" name="test_inequality_solver_excludes_denominator_boundary_in_sign_chart" time="0.048" /><testcase classname="tests.test_algebra_inequality_solver" name="test_inequality_solver_intersects_result_with_integer_domain" time="0.017" /><testcase classname="tests.test_algebra_inequality_solver" name="test_inequality_solver_intersects_result_with_natural_domain" time="0.020" /><testcase classname="tests.test_algebra_inequality_solver" name="test_inequality_solver_keeps_algebraic_critical_points_exact" time="0.088" /><testcase classname="tests.test_algebra_interpreter" name="test_interpret_inequality" time="0.002" /><testcase classname="tests.test_algebra_interpreter" name="test_interpret_exponential" time="0.000" /><testcase classname="tests.test_algebra_interpreter" name="test_interpret_exponential_asterisk" time="0.000" /><testcase classname="tests.test_algebra_interpreter" name="test_interpret_trigonometry" time="0.000" /><testcase classname="tests.test_algebra_interpreter" name="test_interpret_combinatorics_probability" time="0.000" /><testcase classname="tests.test_algebra_interpreter" name="test_interpret_parameter" time="0.001" /><testcase classname="tests.test_algebra_interpreter" name="test_interpret_combinatorics_structured" time="0.000" /><testcase classname="tests.test_algebra_interpreter" name="test_interpret_sequence" time="0.001" /><testcase classname="tests.test_algebra_parameter_solver" name="test_parameter_solver_finds_quadratic_double_root_condition" time="0.007" /><testcase classname="tests.test_algebra_parameter_solver" name="test_parameter_solver_finds_quadratic_two_distinct_roots_condition" time="0.019" /><testcase classname="tests.test_algebra_parameter_solver" name="test_parameter_solver_finds_quadratic_positive_all_condition" time="0.040" /><testcase classname="tests.test_algebra_parameter_solver" name="test_parameter_solver_auto_detects_structured_template" time="0.018" /><testcase classname="tests.test_algebra_parameter_solver" name="test_parameter_solver_case_splits_when_leading_coefficient_depends_on_m" time="0.030" /><testcase classname="tests.test_algebra_parameter_solver" name="test_parameter_solver_opposite_roots" time="0.004" /><testcase classname="tests.test_algebra_parameter_solver" name="test_parameter_solver_opposite_sign_roots" time="0.013" /><testcase classname="tests.test_algebra_parameter_solver" name="test_parameter_solver_same_sign_roots" time="0.020" /><testcase classname="tests.test_algebra_parser" name="test_normalizer_handles_basic_latex_fraction" time="0.000" /><testcase classname="tests.test_algebra_parser" name="test_normalizer_handles_unicode_superscript_and_inequality" time="0.000" /><testcase classname="tests.test_algebra_parser" name="test_normalizer_handles_mathquill_log_base_and_relation" time="0.000" /><testcase classname="tests.test_algebra_parser" name="test_normalizer_handles_log_base_with_nested_fraction_argument" time="0.000" /><testcase classname="tests.test_algebra_parser" name="test_normalizer_handles_nested_latex_fraction" time="0.000" /><testcase classname="tests.test_algebra_parser" name="test_normalizer_handles_latex_sqrt_and_trig_fraction" time="0.000" /><testcase classname="tests.test_algebra_parser" name="test_normalizer_handles_latex_cases_system" time="0.001" /><testcase classname="tests.test_algebra_parser" name="test_normalizer_converts_latex_calculus_templates" time="0.001" /><testcase classname="tests.test_algebra_parser" name="test_normalizer_converts_latex_inverse_trig" time="0.000" /><testcase classname="tests.test_algebra_parser" name="test_interpreter_uses_structured_latex_calculus_as_canonical_input" time="0.001" /><testcase classname="tests.test_algebra_parser" name="test_interpreter_converts_vietnamese_equation_to_canonical_input" time="0.000" /><testcase classname="tests.test_algebra_parser" name="test_interpreter_converts_vietnamese_inequality_to_canonical_input" time="0.000" /><testcase classname="tests.test_algebra_parser" name="test_interpreter_converts_vietnamese_combination_to_structured_input" time="0.000" /><testcase classname="tests.test_algebra_parser" name="test_interpreter_converts_vietnamese_factorial_to_structured_input" time="0.000" /><testcase classname="tests.test_algebra_parser" name="test_interpreter_converts_vietnamese_sequence_to_structured_input" time="0.001" /><testcase classname="tests.test_algebra_parser" name="test_interpreter_converts_sequence_term_index_to_structured_input" time="0.001" /><testcase classname="tests.test_algebra_parser" name="test_interpreter_converts_sequence_sum_text_to_structured_input" time="0.001" /><testcase classname="tests.test_algebra_parser" name="test_interpreter_detects_arithmetic_sequence_from_list" time="0.001" /><testcase classname="tests.test_algebra_parser" name="test_interpreter_detects_geometric_sum_from_list" time="0.001" /><testcase classname="tests.test_algebra_parser" name="test_parser_parses_equation" time="0.001" /><testcase classname="tests.test_algebra_parser" name="test_parser_rejects_huge_integer" time="0.000" /><testcase classname="tests.test_algebra_parser" name="test_parser_system_defaults_to_xy_when_variables_empty" time="0.002" /><testcase classname="tests.test_algebra_parser" name="test_parser_parses_inequality" time="0.001" /><testcase classname="tests.test_algebra_parser" name="test_parser_exposes_sympy_domain_for_requested_domain" time="0.001" /><testcase classname="tests.test_algebra_parser" name="test_parser_marks_integer_and_natural_domains_as_real_domains" time="0.001" /><testcase classname="tests.test_algebra_security_and_calculus_verify" name="test_parser_rejects_deeply_nested_parens" time="0.001" /><testcase classname="tests.test_algebra_security_and_calculus_verify" name="test_parser_rejects_many_powers" time="0.000" /><testcase classname="tests.test_algebra_security_and_calculus_verify" name="test_parser_rejects_huge_integer_token" time="0.000" /><testcase classname="tests.test_algebra_security_and_calculus_verify" name="test_parser_rejects_oversized_input_chars" time="0.001" /><testcase classname="tests.test_algebra_security_and_calculus_verify" name="test_calculus_derivative_has_independent_checks" time="0.008" /><testcase classname="tests.test_algebra_security_and_calculus_verify" name="test_calculus_integral_diff_back" time="0.004" /><testcase classname="tests.test_algebra_security_and_calculus_verify" name="test_calculus_definite_integral_newton_leibniz_check" time="0.006" /><testcase classname="tests.test_algebra_security_and_calculus_verify" name="test_calculus_limit_has_recompute_check" time="0.007" /><testcase classname="tests.test_algebra_security_and_calculus_verify" name="test_calculus_rejects_huge_derivative_order" time="0.001" /><testcase classname="tests.test_algebra_security_and_calculus_verify" name="test_interval_bound_parser_allows_safe_constants" time="0.007" /><testcase classname="tests.test_algebra_security_and_calculus_verify" name="test_interval_bound_parser_rejects_unsafe_or_variable_bounds" time="0.000" /><testcase classname="tests.test_algebra_security_and_calculus_verify" name="test_invalid_interval_request_uses_safe_parser_not_sympify_bomb" time="0.009" /><testcase classname="tests.test_algebra_security_and_calculus_verify" name="test_mixed_eq_ineq_classified_unsupported" time="0.001" /><testcase classname="tests.test_algebra_security_and_calculus_verify" name="test_load_gate_capacity_and_orphan_holds_slot" time="0.001" /><testcase classname="tests.test_algebra_security_and_calculus_verify" name="test_load_gate_holds_slot_across_sequential_workers_until_http_release" time="0.000" /><testcase classname="tests.test_algebra_security_and_calculus_verify" name="test_process_isolation_solves_simple_equation" time="0.956" /><testcase classname="tests.test_algebra_security_and_calculus_verify" name="test_stage_timings_present_on_inprocess_solve" time="0.009" /><testcase classname="tests.test_algebra_security_and_calculus_verify" name="test_empty_set_sample_corroboration_checks" time="0.012" /><testcase classname="tests.test_algebra_security_and_calculus_verify" name="test_tokenizer_rejects_attribute_access_in_expr" time="0.000" /><testcase classname="tests.test_algebra_security_and_calculus_verify" name="test_empty_after_interval_does_not_false_fail_verification" time="0.013" /><testcase classname="tests.test_algebra_security_and_calculus_verify" name="test_verify_false_repairs_status_after_failed_verification" time="0.013" /><testcase classname="tests.test_algebra_security_and_calculus_verify" name="test_structured_calculus_rejects_unsafe_expr" time="0.001" /><testcase classname="tests.test_algebra_security_and_calculus_verify" name="test_structured_coefficient_rejects_unsafe_expr" time="0.001" /><testcase classname="tests.test_algebra_security_and_calculus_verify" name="test_trig_angle_unit_degree_solves_sin" time="0.092" /><testcase classname="tests.test_algebra_sequence_solver" name="test_sequence_solver_calculates_arithmetic_term" time="0.001" /><testcase classname="tests.test_algebra_sequence_solver" name="test_sequence_solver_calculates_arithmetic_sum" time="0.001" /><testcase classname="tests.test_algebra_sequence_solver" name="test_sequence_solver_calculates_geometric_term" time="0.001" /><testcase classname="tests.test_algebra_sequence_solver" name="test_sequence_solver_calculates_geometric_sum" time="0.001" /><testcase classname="tests.test_algebra_sequence_solver" name="test_sequence_solver_solves_natural_language_geometric_sum" time="0.001" /><testcase classname="tests.test_algebra_sequence_solver" name="test_sequence_solver_rejects_fractional_n" time="0.001" /><testcase classname="tests.test_algebra_sequence_solver" name="test_sequence_solver_rejects_zero_n" time="0.001" /><testcase classname="tests.test_algebra_statistics" name="test_stats_basic_mean_median_mode" time="0.002" /><testcase classname="tests.test_algebra_statistics" name="test_stats_freq" time="0.002" /><testcase classname="tests.test_algebra_statistics" name="test_stats_rejects_too_many_points" time="0.045" /><testcase classname="tests.test_algebra_statistics" name="test_stats_from_vietnamese" time="0.001" /><testcase classname="tests.test_algebra_system_solver" name="test_system_solver_solves_linear_two_by_two" time="0.015" /><testcase classname="tests.test_algebra_system_solver" name="test_system_solver_detects_system_with_auto_topic" time="0.009" /><testcase classname="tests.test_algebra_system_solver" name="test_system_solver_auto_variables_when_empty" time="0.009" /><testcase classname="tests.test_algebra_trig_solver" name="test_trig_solver_returns_general_solution_for_sine_on_reals" time="0.037" /><testcase classname="tests.test_algebra_trig_solver" name="test_trig_solver_solves_cos_double_angle_general" time="0.068" /><testcase classname="tests.test_algebra_trig_solver" name="test_trig_solver_simplifies_identity" time="0.024" /><testcase classname="tests.test_algebra_trig_solver" name="test_trig_solver_uses_substitution_for_quadratic_in_cos" time="0.109" /><testcase classname="tests.test_algebra_trig_solver" name="test_trig_solver_uses_double_angle_formula" time="0.194" /><testcase classname="tests.test_algebra_trig_solver" name="test_trig_solver_uses_sum_to_product" time="0.178" /><testcase classname="tests.test_algebra_trig_solver" name="test_trig_solver_solves_a_sin_plus_b_cos" time="0.167" /><testcase classname="tests.test_algebra_trig_solver" name="test_trig_solver_records_tangent_domain" time="0.095" /><testcase classname="tests.test_algebra_trig_solver" name="test_trig_solver_evaluates_latex_inverse_trig_expression" time="0.003" /><testcase classname="tests.test_algebra_trig_solver" name="test_trig_solver_product_to_double_angle_for_sin_cos" time="0.083" /><testcase classname="tests.test_algebra_trig_solver" name="test_trig_solver_rejects_condition_set_as_unsupported" time="0.027" /><testcase classname="tests.test_algebra_trig_solver" name="test_trig_solver_quadratic_sin_substitution" time="0.141" /><testcase classname="tests.test_algebra_verifier" name="test_verifier_accepts_correct_candidate" time="0.001" /><testcase classname="tests.test_algebra_verifier" name="test_verifier_rejects_wrong_candidate" time="0.001" /><testcase classname="tests.test_algebra_wave3_correctness" name="test_classifier_routes_exp_log_inequality_to_inequality" time="0.001" /><testcase classname="tests.test_algebra_wave3_correctness" name="test_classifier_routes_trig_inequality_to_inequality" time="0.001" /><testcase classname="tests.test_algebra_wave3_correctness" name="test_exp_log_inequality_is_solved_not_unsupported_by_exp_solver" time="0.031" /><testcase classname="tests.test_algebra_wave3_correctness" name="test_trig_inequality_is_solved_not_unsupported_by_trig_solver" time="0.091" /><testcase classname="tests.test_algebra_wave3_correctness" name="test_chained_inequality_parsed_and_solved" time="0.014" /><testcase classname="tests.test_algebra_wave3_correctness" name="test_not_equal_relation_solved" time="0.019" /><testcase classname="tests.test_algebra_wave3_correctness" name="test_symbolic_solution_set_not_fully_verified" time="0.009" /><testcase classname="tests.test_algebra_wave3_correctness" name="test_options_verify_false_skips_verification" time="0.036" /><testcase classname="tests.test_algebra_wave3_correctness" name="test_options_return_steps_false_clears_steps" time="0.026" /><testcase classname="tests.test_algebra_wave3_correctness" name="test_options_max_solutions_truncates_values" time="0.025" /><testcase classname="tests.test_algebra_wave3_correctness" name="test_trig_interval_filters_to_unit_circle" time="0.060" /><testcase classname="tests.test_algebra_wave3_correctness" name="test_response_includes_request_id_and_timings" time="0.014" /><testcase classname="tests.test_algebra_wave3_correctness" name="test_trig_inequality_honors_unit_circle_interval" time="0.078" /><testcase classname="tests.test_algebra_wave3_correctness" name="test_invalid_interval_warns_and_continues" time="0.009" /><testcase classname="tests.test_algebra_wave3_correctness" name="test_rule_based_first_skips_ai_extractor" time="0.633" /><testcase classname="tests.test_analytics_monitoring" name="test_fingerprint_stable" time="0.000" /><testcase classname="tests.test_analytics_monitoring" name="test_error_event_create_inserts" time="0.001" /><testcase classname="tests.test_analytics_monitoring" name="test_analytics_overview_shape" time="0.001" /><testcase classname="tests.test_analytics_monitoring" name="test_analytics_errors_method_not_shadowed" time="0.000" /><testcase classname="tests.test_analytics_monitoring" name="test_product_usage_aggregates_users_outcomes_and_comparison" time="0.001" /><testcase classname="tests.test_analytics_monitoring" name="test_product_usage_sqlite_queries" time="0.023" /><testcase classname="tests.test_analytics_monitoring" name="test_product_usage_empty_shape" time="0.000" /><testcase classname="tests.test_analytics_monitoring" name="test_render_quality_breakdown" time="0.001" /><testcase classname="tests.test_analytics_monitoring" name="test_ai_usage_includes_failure_and_model_breakdown" time="0.000" /><testcase classname="tests.test_analytics_monitoring" name="test_analytics_funnel_shape" time="0.000" /><testcase classname="tests.test_analytics_monitoring" name="test_error_groups_shape" time="0.000" /><testcase classname="tests.test_analytics_monitoring" name="test_taxonomy_constants" time="0.000" /><testcase classname="tests.test_analyzer_history" name="test_curriculum_profiles_change_presentation_not_math_truth[10-T\u1eadp x\xe1c \u0111\u1ecbnh]" time="0.001" /><testcase classname="tests.test_analyzer_history" name="test_curriculum_profiles_change_presentation_not_math_truth[11-T\xednh tu\u1ea7n ho\xe0n]" time="0.001" /><testcase classname="tests.test_analyzer_history" name="test_curriculum_profiles_change_presentation_not_math_truth[12-\u0110\u1ea1o h\xe0m]" time="0.001" /><testcase classname="tests.test_analyzer_history" name="test_analyzer_export_preserves_warning_and_exact_approx_metadata" time="0.000" /><testcase classname="tests.test_analyzer_history" name="test_analyzer_export_requires_exactly_one_owned_source" time="0.000" /><testcase classname="tests.test_analyzer_history" name="test_analyzer_history_tags_are_bounded_and_deduplicated" time="0.000" /><testcase classname="tests.test_analyzer_history" name="test_history_reopen_reuses_saved_evidence_without_solver[asyncio]" time="0.433" /><testcase classname="tests.test_analyzer_history" name="test_analyzer_history_list_omits_heavy_result_json[asyncio]" time="0.001" /><testcase classname="tests.test_analyzer_links" name="test_handoff_payloads_are_versioned_destination_allowlists" time="0.000" /><testcase classname="tests.test_analyzer_links" name="test_share_schema_requires_origin_for_embed_and_forbids_unknown_fields" time="0.000" /><testcase classname="tests.test_analyzer_links" name="test_owner_handoff_is_opaque_and_consumed_once[asyncio]" time="0.386" /><testcase classname="tests.test_analyzer_links" name="test_public_share_enforces_scope_origin_quota_and_revoke[asyncio]" time="0.598" /><testcase classname="tests.test_auth_guards" name="test_is_disposable_email_blocks_known_domain" time="0.000" /><testcase classname="tests.test_auth_guards" name="test_is_disposable_email_blocks_subdomain" time="0.001" /><testcase classname="tests.test_auth_guards" name="test_is_disposable_email_allows_normal_domain" time="0.001" /><testcase classname="tests.test_auth_guards" name="test_turnstile_required_only_when_flag_and_keys_are_configured" time="0.010" /><testcase classname="tests.test_auth_guards" name="test_enforce_turnstile_skips_when_disabled" time="0.005" /><testcase classname="tests.test_auth_guards" name="test_enforce_turnstile_requires_token_when_enabled" time="0.004" /><testcase classname="tests.test_auth_guards" name="test_enforce_turnstile_rejects_invalid_token" time="0.005" /><testcase classname="tests.test_auth_guards" name="test_enforce_turnstile_passes_with_valid_token" time="0.006" /><testcase classname="tests.test_auth_product" name="test_rate_limit_upsert_qualifies_count_for_postgres" time="0.001" /><testcase classname="tests.test_auth_product" name="test_bcrypt_hashing_does_not_emit_backend_version_traceback" time="0.428" /><testcase classname="tests.test_auth_product" name="test_client_ip_ignores_forwarded_headers_without_trusted_proxy" time="0.003" /><testcase classname="tests.test_auth_product" name="test_client_ip_uses_forwarded_header_from_trusted_proxy" time="0.004" /><testcase classname="tests.test_auth_product" name="test_client_ip_falls_back_when_forwarded_header_is_malformed" time="0.006" /><testcase classname="tests.test_auth_product" name="test_register_requires_and_records_legal_acceptance" time="0.861" /><testcase classname="tests.test_auth_product" name="test_register_login_me_logout" time="0.870" /><testcase classname="tests.test_auth_product" name="test_forgot_password_response_is_generic_and_reset_consumes_token" time="1.103" /><testcase classname="tests.test_auth_product" name="test_verify_email_requires_token_and_otp" time="0.802" /><testcase classname="tests.test_auth_product" name="test_verification_email_send_receives_token_and_otp" time="0.926" /><testcase classname="tests.test_auth_product" name="test_require_email_verification_blocks_login_until_verified" time="1.352" /><testcase classname="tests.test_auth_product" name="test_resend_verification_is_generic_and_sends_otp" time="0.773" /><testcase classname="tests.test_auth_product" name="test_change_password_revokes_other_sessions" time="2.300" /><testcase classname="tests.test_auth_product" name="test_session_listing_and_revocation" time="1.195" /><testcase classname="tests.test_auth_product" name="test_failed_login_lockout" time="2.263" /><testcase classname="tests.test_auth_product" name="test_google_start_redirects_to_google_and_stores_hashed_state" time="0.547" /><testcase classname="tests.test_auth_product" name="test_google_callback_creates_verified_user_session" time="0.563" /><testcase classname="tests.test_auth_product" name="test_google_callback_links_existing_email_user" time="0.856" /><testcase classname="tests.test_auth_product" name="test_google_callback_rejects_unverified_email_and_replayed_state" time="0.456" /><testcase classname="tests.test_auth_product" name="test_oauth_only_user_password_login_returns_401" time="0.486" /><testcase classname="tests.test_auth_product" name="test_bad_origin_is_rejected_when_present" time="0.859" /><testcase classname="tests.test_byok_hardening_csv_matrix" name="test_byok_hardening_fixture_has_exactly_500_records" time="0.004" /><testcase classname="tests.test_byok_hardening_csv_matrix" name="test_csv_ssrf_base_url_matrix[case-001]" time="0.005" /><testcase classname="tests.test_byok_hardening_csv_matrix" name="test_csv_ssrf_base_url_matrix[case-002]" time="0.007" /><testcase classname="tests.test_byok_hardening_csv_matrix" name="test_csv_ssrf_base_url_matrix[case-003]" time="0.004" /><testcase classname="tests.test_byok_hardening_csv_matrix" name="test_csv_ssrf_base_url_matrix[case-004]" time="0.004" /><testcase classname="tests.test_byok_hardening_csv_matrix" name="test_csv_ssrf_base_url_matrix[case-005]" time="0.005" /><testcase classname="tests.test_byok_hardening_csv_matrix" name="test_csv_ssrf_base_url_matrix[case-006]" time="0.006" /><testcase classname="tests.test_byok_hardening_csv_matrix" name="test_csv_ssrf_base_url_matrix[case-007]" time="0.004" /><testcase classname="tests.test_byok_hardening_csv_matrix" name="test_csv_ssrf_base_url_matrix[case-008]" time="0.004" /><testcase classname="tests.test_byok_hardening_csv_matrix" name="test_csv_ssrf_base_url_matrix[case-009]" time="0.010" /><testcase classname="tests.test_byok_hardening_csv_matrix" name="test_csv_ssrf_base_url_matrix[case-010]" time="0.004" /><testcase classname="tests.test_byok_hardening_csv_matrix" name="test_csv_ssrf_base_url_matrix[case-011]" time="0.004" /><testcase classname="tests.test_byok_hardening_csv_matrix" name="test_csv_ssrf_base_url_matrix[case-012]" time="0.007" /><testcase classname="tests.test_byok_hardening_csv_matrix" name="test_csv_ssrf_base_url_matrix[case-013]" time="0.004" /><testcase classname="tests.test_byok_hardening_csv_matrix" name="test_csv_ssrf_base_url_matrix[case-014]" time="0.004" /><testcase classname="tests.test_byok_hardening_csv_matrix" name="test_csv_ssrf_base_url_matrix[case-015]" time="0.005" /><testcase classname="tests.test_byok_hardening_csv_matrix" name="test_csv_ssrf_base_url_matrix[case-016]" time="0.007" /><testcase classname="tests.test_byok_hardening_csv_matrix" name="test_csv_ssrf_base_url_matrix[case-017]" time="0.004" /><testcase classname="tests.test_byok_hardening_csv_matrix" name="test_csv_ssrf_base_url_matrix[case-018]" time="0.004" /><testcase classname="tests.test_byok_hardening_csv_matrix" name="test_csv_ssrf_base_url_matrix[case-019]" time="0.004" /><testcase classname="tests.test_byok_hardening_csv_matrix" name="test_csv_ssrf_base_url_matrix[case-020]" time="0.004" /><testcase classname="tests.test_byok_hardening_csv_matrix" name="test_csv_ssrf_base_url_matrix[case-021]" time="0.005" /><testcase classname="tests.test_byok_hardening_csv_matrix" name="test_csv_ssrf_base_url_matrix[case-022]" time="0.004" /><testcase classname="tests.test_byok_hardening_csv_matrix" name="test_csv_ssrf_base_url_matrix[case-023]" time="0.004" /><testcase classname="tests.test_byok_hardening_csv_matrix" name="test_csv_ssrf_base_url_matrix[case-024]" time="0.004" /><testcase classname="tests.test_byok_hardening_csv_matrix" name="test_csv_ssrf_base_url_matrix[case-025]" time="0.004" /><testcase classname="tests.test_byok_hardening_csv_matrix" name="test_csv_ssrf_base_url_matrix[case-026]" time="0.006" /><testcase classname="tests.test_byok_hardening_csv_matrix" name="test_csv_ssrf_base_url_matrix[case-027]" time="0.006" /><testcase classname="tests.test_byok_hardening_csv_matrix" name="test_csv_ssrf_base_url_matrix[case-028]" time="0.005" /><testcase classname="tests.test_byok_hardening_csv_matrix" name="test_csv_ssrf_base_url_matrix[case-029]" time="0.007" /><testcase classname="tests.test_byok_hardening_csv_matrix" name="test_csv_ssrf_base_url_matrix[case-030]" time="0.005" /><testcase classname="tests.test_byok_hardening_csv_matrix" name="test_csv_ssrf_base_url_matrix[case-031]" time="0.004" /><testcase classname="tests.test_byok_hardening_csv_matrix" name="test_csv_ssrf_base_url_matrix[case-032]" time="0.005" /><testcase classname="tests.test_byok_hardening_csv_matrix" name="test_csv_ssrf_base_url_matrix[case-033]" time="0.004" /><testcase classname="tests.test_byok_hardening_csv_matrix" name="test_csv_ssrf_base_url_matrix[case-034]" time="0.004" /><testcase classname="tests.test_byok_hardening_csv_matrix" name="test_csv_ssrf_base_url_matrix[case-035]" time="0.004" /><testcase classname="tests.test_byok_hardening_csv_matrix" name="test_csv_ssrf_base_url_matrix[case-036]" time="0.006" /><testcase classname="tests.test_byok_hardening_csv_matrix" name="test_csv_ssrf_base_url_matrix[case-037]" time="0.004" /><testcase classname="tests.test_byok_hardening_csv_matrix" name="test_csv_ssrf_base_url_matrix[case-038]" time="0.004" /><testcase classname="tests.test_byok_hardening_csv_matrix" name="test_csv_ssrf_base_url_matrix[case-039]" time="0.005" /><testcase classname="tests.test_byok_hardening_csv_matrix" name="test_csv_ssrf_base_url_matrix[case-040]" time="0.005" /><testcase classname="tests.test_byok_hardening_csv_matrix" name="test_csv_ssrf_base_url_matrix[case-041]" time="0.004" /><testcase classname="tests.test_byok_hardening_csv_matrix" name="test_csv_ssrf_base_url_matrix[case-042]" time="0.004" /><testcase classname="tests.test_byok_hardening_csv_matrix" name="test_csv_ssrf_base_url_matrix[case-043]" time="0.004" /><testcase classname="tests.test_byok_hardening_csv_matrix" name="test_csv_ssrf_base_url_matrix[case-044]" time="0.004" /><testcase classname="tests.test_byok_hardening_csv_matrix" name="test_csv_ssrf_base_url_matrix[case-045]" time="0.004" /><testcase classname="tests.test_byok_hardening_csv_matrix" name="test_csv_ssrf_base_url_matrix[case-046]" time="0.004" /><testcase classname="tests.test_byok_hardening_csv_matrix" name="test_csv_ssrf_base_url_matrix[case-047]" time="0.004" /><testcase classname="tests.test_byok_hardening_csv_matrix" name="test_csv_ssrf_base_url_matrix[case-048]" time="0.004" /><testcase classname="tests.test_byok_hardening_csv_matrix" name="test_csv_ssrf_base_url_matrix[case-049]" time="0.004" /><testcase classname="tests.test_byok_hardening_csv_matrix" name="test_csv_ssrf_base_url_matrix[case-050]" time="0.004" /><testcase classname="tests.test_byok_hardening_csv_matrix" name="test_csv_ssrf_base_url_matrix[case-051]" time="0.004" /><testcase classname="tests.test_byok_hardening_csv_matrix" name="test_csv_ssrf_base_url_matrix[case-052]" time="0.004" /><testcase classname="tests.test_byok_hardening_csv_matrix" name="test_csv_ssrf_base_url_matrix[case-053]" time="0.005" /><testcase classname="tests.test_byok_hardening_csv_matrix" name="test_csv_ssrf_base_url_matrix[case-054]" time="0.006" /><testcase classname="tests.test_byok_hardening_csv_matrix" name="test_csv_ssrf_base_url_matrix[case-055]" time="0.005" /><testcase classname="tests.test_byok_hardening_csv_matrix" name="test_csv_ssrf_base_url_matrix[case-056]" time="0.004" /><testcase classname="tests.test_byok_hardening_csv_matrix" name="test_csv_ssrf_base_url_matrix[case-057]" time="0.004" /><testcase classname="tests.test_byok_hardening_csv_matrix" name="test_csv_ssrf_base_url_matrix[case-058]" time="0.007" /><testcase classname="tests.test_byok_hardening_csv_matrix" name="test_csv_ssrf_base_url_matrix[case-059]" time="0.004" /><testcase classname="tests.test_byok_hardening_csv_matrix" name="test_csv_ssrf_base_url_matrix[case-060]" time="0.005" /><testcase classname="tests.test_byok_hardening_csv_matrix" name="test_csv_ssrf_base_url_matrix[case-061]" time="0.007" /><testcase classname="tests.test_byok_hardening_csv_matrix" name="test_csv_ssrf_base_url_matrix[case-062]" time="0.004" /><testcase classname="tests.test_byok_hardening_csv_matrix" name="test_csv_ssrf_base_url_matrix[case-063]" time="0.006" /><testcase classname="tests.test_byok_hardening_csv_matrix" name="test_csv_ssrf_base_url_matrix[case-064]" time="0.008" /><testcase classname="tests.test_byok_hardening_csv_matrix" name="test_csv_ssrf_base_url_matrix[case-065]" time="0.004" /><testcase classname="tests.test_byok_hardening_csv_matrix" name="test_csv_ssrf_base_url_matrix[case-066]" time="0.005" /><testcase classname="tests.test_byok_hardening_csv_matrix" name="test_csv_ssrf_base_url_matrix[case-067]" time="0.007" /><testcase classname="tests.test_byok_hardening_csv_matrix" name="test_csv_ssrf_base_url_matrix[case-068]" time="0.004" /><testcase classname="tests.test_byok_hardening_csv_matrix" name="test_csv_ssrf_base_url_matrix[case-069]" time="0.004" /><testcase classname="tests.test_byok_hardening_csv_matrix" name="test_csv_ssrf_base_url_matrix[case-070]" time="0.005" /><testcase classname="tests.test_byok_hardening_csv_matrix" name="test_csv_ssrf_base_url_matrix[case-071]" time="0.005" /><testcase classname="tests.test_byok_hardening_csv_matrix" name="test_csv_ssrf_base_url_matrix[case-072]" time="0.005" /><testcase classname="tests.test_byok_hardening_csv_matrix" name="test_csv_ssrf_base_url_matrix[case-073]" time="0.004" /><testcase classname="tests.test_byok_hardening_csv_matrix" name="test_csv_ssrf_base_url_matrix[case-074]" time="0.004" /><testcase classname="tests.test_byok_hardening_csv_matrix" name="test_csv_ssrf_base_url_matrix[case-075]" time="0.004" /><testcase classname="tests.test_byok_hardening_csv_matrix" name="test_csv_ssrf_base_url_matrix[case-076]" time="0.006" /><testcase classname="tests.test_byok_hardening_csv_matrix" name="test_csv_ssrf_base_url_matrix[case-077]" time="0.004" /><testcase classname="tests.test_byok_hardening_csv_matrix" name="test_csv_ssrf_base_url_matrix[case-078]" time="0.004" /><testcase classname="tests.test_byok_hardening_csv_matrix" name="test_csv_ssrf_base_url_matrix[case-079]" time="0.006" /><testcase classname="tests.test_byok_hardening_csv_matrix" name="test_csv_ssrf_base_url_matrix[case-080]" time="0.006" /><testcase classname="tests.test_byok_hardening_csv_matrix" name="test_csv_ssrf_base_url_matrix[case-081]" time="0.004" /><testcase classname="tests.test_byok_hardening_csv_matrix" name="test_csv_ssrf_base_url_matrix[case-082]" time="0.005" /><testcase classname="tests.test_byok_hardening_csv_matrix" name="test_csv_ssrf_base_url_matrix[case-083]" time="0.005" /><testcase classname="tests.test_byok_hardening_csv_matrix" name="test_csv_ssrf_base_url_matrix[case-084]" time="0.004" /><testcase classname="tests.test_byok_hardening_csv_matrix" name="test_csv_ssrf_base_url_matrix[case-085]" time="0.004" /><testcase classname="tests.test_byok_hardening_csv_matrix" name="test_csv_ssrf_base_url_matrix[case-086]" time="0.004" /><testcase classname="tests.test_byok_hardening_csv_matrix" name="test_csv_ssrf_base_url_matrix[case-087]" time="0.004" /><testcase classname="tests.test_byok_hardening_csv_matrix" name="test_csv_ssrf_base_url_matrix[case-088]" time="0.004" /><testcase classname="tests.test_byok_hardening_csv_matrix" name="test_csv_ssrf_base_url_matrix[case-089]" time="0.006" /><testcase classname="tests.test_byok_hardening_csv_matrix" name="test_csv_ssrf_base_url_matrix[case-090]" time="0.004" /><testcase classname="tests.test_byok_hardening_csv_matrix" name="test_csv_ssrf_base_url_matrix[case-091]" time="0.006" /><testcase classname="tests.test_byok_hardening_csv_matrix" name="test_csv_ssrf_base_url_matrix[case-092]" time="0.006" /><testcase classname="tests.test_byok_hardening_csv_matrix" name="test_csv_ssrf_base_url_matrix[case-093]" time="0.004" /><testcase classname="tests.test_byok_hardening_csv_matrix" name="test_csv_ssrf_base_url_matrix[case-094]" time="0.005" /><testcase classname="tests.test_byok_hardening_csv_matrix" name="test_csv_ssrf_base_url_matrix[case-095]" time="0.007" /><testcase classname="tests.test_byok_hardening_csv_matrix" name="test_csv_ssrf_base_url_matrix[case-096]" time="0.004" /><testcase classname="tests.test_byok_hardening_csv_matrix" name="test_csv_ssrf_base_url_matrix[case-097]" time="0.004" /><testcase classname="tests.test_byok_hardening_csv_matrix" name="test_csv_ssrf_base_url_matrix[case-098]" time="0.004" /><testcase classname="tests.test_byok_hardening_csv_matrix" name="test_csv_ssrf_base_url_matrix[case-099]" time="0.005" /><testcase classname="tests.test_byok_hardening_csv_matrix" name="test_csv_ssrf_base_url_matrix[case-100]" time="0.005" /><testcase classname="tests.test_byok_hardening_csv_matrix" name="test_csv_ssrf_base_url_matrix[case-101]" time="0.005" /><testcase classname="tests.test_byok_hardening_csv_matrix" name="test_csv_ssrf_base_url_matrix[case-102]" time="0.004" /><testcase classname="tests.test_byok_hardening_csv_matrix" name="test_csv_ssrf_base_url_matrix[case-103]" time="0.005" /><testcase classname="tests.test_byok_hardening_csv_matrix" name="test_csv_ssrf_base_url_matrix[case-104]" time="0.004" /><testcase classname="tests.test_byok_hardening_csv_matrix" name="test_csv_ssrf_base_url_matrix[case-105]" time="0.004" /><testcase classname="tests.test_byok_hardening_csv_matrix" name="test_csv_ssrf_base_url_matrix[case-106]" time="0.004" /><testcase classname="tests.test_byok_hardening_csv_matrix" name="test_csv_ssrf_base_url_matrix[case-107]" time="0.005" /><testcase classname="tests.test_byok_hardening_csv_matrix" name="test_csv_ssrf_base_url_matrix[case-108]" time="0.005" /><testcase classname="tests.test_byok_hardening_csv_matrix" name="test_csv_ssrf_base_url_matrix[case-109]" time="0.004" /><testcase classname="tests.test_byok_hardening_csv_matrix" name="test_csv_ssrf_base_url_matrix[case-110]" time="0.008" /><testcase classname="tests.test_byok_hardening_csv_matrix" name="test_csv_ssrf_base_url_matrix[case-111]" time="0.006" /><testcase classname="tests.test_byok_hardening_csv_matrix" name="test_csv_ssrf_base_url_matrix[case-112]" time="0.004" /><testcase classname="tests.test_byok_hardening_csv_matrix" name="test_csv_ssrf_base_url_matrix[case-113]" time="0.007" /><testcase classname="tests.test_byok_hardening_csv_matrix" name="test_csv_ssrf_base_url_matrix[case-114]" time="0.004" /><testcase classname="tests.test_byok_hardening_csv_matrix" name="test_csv_ssrf_base_url_matrix[case-115]" time="0.004" /><testcase classname="tests.test_byok_hardening_csv_matrix" name="test_csv_ssrf_base_url_matrix[case-116]" time="0.004" /><testcase classname="tests.test_byok_hardening_csv_matrix" name="test_csv_ssrf_base_url_matrix[case-117]" time="0.004" /><testcase classname="tests.test_byok_hardening_csv_matrix" name="test_csv_ssrf_base_url_matrix[case-118]" time="0.008" /><testcase classname="tests.test_byok_hardening_csv_matrix" name="test_csv_ssrf_base_url_matrix[case-119]" time="0.004" /><testcase classname="tests.test_byok_hardening_csv_matrix" name="test_csv_ssrf_base_url_matrix[case-120]" time="0.004" /><testcase classname="tests.test_byok_hardening_csv_matrix" name="test_csv_ssrf_base_url_matrix[case-121]" time="0.005" /><testcase classname="tests.test_byok_hardening_csv_matrix" name="test_csv_ssrf_base_url_matrix[case-122]" time="0.007" /><testcase classname="tests.test_byok_hardening_csv_matrix" name="test_csv_ssrf_base_url_matrix[case-123]" time="0.004" /><testcase classname="tests.test_byok_hardening_csv_matrix" name="test_csv_ssrf_base_url_matrix[case-124]" time="0.005" /><testcase classname="tests.test_byok_hardening_csv_matrix" name="test_csv_ssrf_base_url_matrix[case-125]" time="0.006" /><testcase classname="tests.test_byok_hardening_csv_matrix" name="test_csv_ssrf_base_url_matrix[case-126]" time="0.004" /><testcase classname="tests.test_byok_hardening_csv_matrix" name="test_csv_ssrf_base_url_matrix[case-127]" time="0.004" /><testcase classname="tests.test_byok_hardening_csv_matrix" name="test_csv_ssrf_base_url_matrix[case-128]" time="0.009" /><testcase classname="tests.test_byok_hardening_csv_matrix" name="test_csv_ssrf_base_url_matrix[case-129]" time="0.004" /><testcase classname="tests.test_byok_hardening_csv_matrix" name="test_csv_ssrf_base_url_matrix[case-130]" time="0.006" /><testcase classname="tests.test_byok_hardening_csv_matrix" name="test_csv_ssrf_base_url_matrix[case-131]" time="0.006" /><testcase classname="tests.test_byok_hardening_csv_matrix" name="test_csv_ssrf_base_url_matrix[case-132]" time="0.004" /><testcase classname="tests.test_byok_hardening_csv_matrix" name="test_csv_ssrf_base_url_matrix[case-133]" time="0.009" /><testcase classname="tests.test_byok_hardening_csv_matrix" name="test_csv_ssrf_base_url_matrix[case-134]" time="0.004" /><testcase classname="tests.test_byok_hardening_csv_matrix" name="test_csv_ssrf_base_url_matrix[case-135]" time="0.004" /><testcase classname="tests.test_byok_hardening_csv_matrix" name="test_csv_ssrf_base_url_matrix[case-136]" time="0.007" /><testcase classname="tests.test_byok_hardening_csv_matrix" name="test_csv_ssrf_base_url_matrix[case-137]" time="0.005" /><testcase classname="tests.test_byok_hardening_csv_matrix" name="test_csv_ssrf_base_url_matrix[case-138]" time="0.004" /><testcase classname="tests.test_byok_hardening_csv_matrix" name="test_csv_ssrf_base_url_matrix[case-139]" time="0.005" /><testcase classname="tests.test_byok_hardening_csv_matrix" name="test_csv_ssrf_base_url_matrix[case-140]" time="0.006" /><testcase classname="tests.test_byok_hardening_csv_matrix" name="test_csv_ssrf_base_url_matrix[case-141]" time="0.004" /><testcase classname="tests.test_byok_hardening_csv_matrix" name="test_csv_ssrf_base_url_matrix[case-142]" time="0.005" /><testcase classname="tests.test_byok_hardening_csv_matrix" name="test_csv_ssrf_base_url_matrix[case-143]" time="0.007" /><testcase classname="tests.test_byok_hardening_csv_matrix" name="test_csv_ssrf_base_url_matrix[case-144]" time="0.005" /><testcase classname="tests.test_byok_hardening_csv_matrix" name="test_csv_ssrf_base_url_matrix[case-145]" time="0.005" /><testcase classname="tests.test_byok_hardening_csv_matrix" name="test_csv_ssrf_base_url_matrix[case-146]" time="0.005" /><testcase classname="tests.test_byok_hardening_csv_matrix" name="test_csv_ssrf_base_url_matrix[case-147]" time="0.005" /><testcase classname="tests.test_byok_hardening_csv_matrix" name="test_csv_ssrf_base_url_matrix[case-148]" time="0.004" /><testcase classname="tests.test_byok_hardening_csv_matrix" name="test_csv_ssrf_base_url_matrix[case-149]" time="0.004" /><testcase classname="tests.test_byok_hardening_csv_matrix" name="test_csv_ssrf_base_url_matrix[case-150]" time="0.004" /><testcase classname="tests.test_byok_hardening_csv_matrix" name="test_csv_ssrf_base_url_matrix[case-151]" time="0.004" /><testcase classname="tests.test_byok_hardening_csv_matrix" name="test_csv_ssrf_base_url_matrix[case-152]" time="0.004" /><testcase classname="tests.test_byok_hardening_csv_matrix" name="test_csv_ssrf_base_url_matrix[case-153]" time="0.007" /><testcase classname="tests.test_byok_hardening_csv_matrix" name="test_csv_ssrf_base_url_matrix[case-154]" time="0.006" /><testcase classname="tests.test_byok_hardening_csv_matrix" name="test_csv_ssrf_base_url_matrix[case-155]" time="0.011" /><testcase classname="tests.test_byok_hardening_csv_matrix" name="test_csv_ssrf_base_url_matrix[case-156]" time="0.004" /><testcase classname="tests.test_byok_hardening_csv_matrix" name="test_csv_ssrf_base_url_matrix[case-157]" time="0.006" /><testcase classname="tests.test_byok_hardening_csv_matrix" name="test_csv_ssrf_base_url_matrix[case-158]" time="0.005" /><testcase classname="tests.test_byok_hardening_csv_matrix" name="test_csv_ssrf_base_url_matrix[case-159]" time="0.004" /><testcase classname="tests.test_byok_hardening_csv_matrix" name="test_csv_ssrf_base_url_matrix[case-160]" time="0.004" /><testcase classname="tests.test_byok_hardening_csv_matrix" name="test_csv_ssrf_base_url_matrix[case-161]" time="0.009" /><testcase classname="tests.test_byok_hardening_csv_matrix" name="test_csv_ssrf_base_url_matrix[case-162]" time="0.006" /><testcase classname="tests.test_byok_hardening_csv_matrix" name="test_csv_ssrf_base_url_matrix[case-163]" time="0.006" /><testcase classname="tests.test_byok_hardening_csv_matrix" name="test_csv_ssrf_base_url_matrix[case-164]" time="0.004" /><testcase classname="tests.test_byok_hardening_csv_matrix" name="test_csv_ssrf_base_url_matrix[case-165]" time="0.004" /><testcase classname="tests.test_byok_hardening_csv_matrix" name="test_csv_ssrf_base_url_matrix[case-166]" time="0.004" /><testcase classname="tests.test_byok_hardening_csv_matrix" name="test_csv_ssrf_base_url_matrix[case-167]" time="0.005" /><testcase classname="tests.test_byok_hardening_csv_matrix" name="test_csv_ssrf_base_url_matrix[case-168]" time="0.004" /><testcase classname="tests.test_byok_hardening_csv_matrix" name="test_csv_ssrf_base_url_matrix[case-169]" time="0.005" /><testcase classname="tests.test_byok_hardening_csv_matrix" name="test_csv_ssrf_base_url_matrix[case-170]" time="0.004" /><testcase classname="tests.test_byok_hardening_csv_matrix" name="test_csv_ssrf_base_url_matrix[case-171]" time="0.004" /><testcase classname="tests.test_byok_hardening_csv_matrix" name="test_csv_ssrf_base_url_matrix[case-172]" time="0.005" /><testcase classname="tests.test_byok_hardening_csv_matrix" name="test_csv_ssrf_base_url_matrix[case-173]" time="0.005" /><testcase classname="tests.test_byok_hardening_csv_matrix" name="test_csv_ssrf_base_url_matrix[case-174]" time="0.004" /><testcase classname="tests.test_byok_hardening_csv_matrix" name="test_csv_ssrf_base_url_matrix[case-175]" time="0.004" /><testcase classname="tests.test_byok_hardening_csv_matrix" name="test_csv_ssrf_base_url_matrix[case-176]" time="0.007" /><testcase classname="tests.test_byok_hardening_csv_matrix" name="test_csv_ssrf_base_url_matrix[case-177]" time="0.004" /><testcase classname="tests.test_byok_hardening_csv_matrix" name="test_csv_ssrf_base_url_matrix[case-178]" time="0.005" /><testcase classname="tests.test_byok_hardening_csv_matrix" name="test_csv_ssrf_base_url_matrix[case-179]" time="0.006" /><testcase classname="tests.test_byok_hardening_csv_matrix" name="test_csv_ssrf_base_url_matrix[case-180]" time="0.007" /><testcase classname="tests.test_byok_hardening_csv_matrix" name="test_csv_runtime_settings_do_not_accept_or_apply_user_secrets[case-181]" time="0.010" /><testcase classname="tests.test_byok_hardening_csv_matrix" name="test_csv_runtime_settings_do_not_accept_or_apply_user_secrets[case-182]" time="0.009" /><testcase classname="tests.test_byok_hardening_csv_matrix" name="test_csv_runtime_settings_do_not_accept_or_apply_user_secrets[case-183]" time="0.011" /><testcase classname="tests.test_byok_hardening_csv_matrix" name="test_csv_runtime_settings_do_not_accept_or_apply_user_secrets[case-184]" time="0.011" /><testcase classname="tests.test_byok_hardening_csv_matrix" name="test_csv_runtime_settings_do_not_accept_or_apply_user_secrets[case-185]" time="0.009" /><testcase classname="tests.test_byok_hardening_csv_matrix" name="test_csv_runtime_settings_do_not_accept_or_apply_user_secrets[case-186]" time="0.008" /><testcase classname="tests.test_byok_hardening_csv_matrix" name="test_csv_runtime_settings_do_not_accept_or_apply_user_secrets[case-187]" time="0.009" /><testcase classname="tests.test_byok_hardening_csv_matrix" name="test_csv_runtime_settings_do_not_accept_or_apply_user_secrets[case-188]" time="0.008" /><testcase classname="tests.test_byok_hardening_csv_matrix" name="test_csv_runtime_settings_do_not_accept_or_apply_user_secrets[case-189]" time="0.010" /><testcase classname="tests.test_byok_hardening_csv_matrix" name="test_csv_runtime_settings_do_not_accept_or_apply_user_secrets[case-190]" time="0.008" /><testcase classname="tests.test_byok_hardening_csv_matrix" name="test_csv_runtime_settings_do_not_accept_or_apply_user_secrets[case-191]" time="0.008" /><testcase classname="tests.test_byok_hardening_csv_matrix" name="test_csv_runtime_settings_do_not_accept_or_apply_user_secrets[case-192]" time="0.009" /><testcase classname="tests.test_byok_hardening_csv_matrix" name="test_csv_runtime_settings_do_not_accept_or_apply_user_secrets[case-193]" time="0.008" /><testcase classname="tests.test_byok_hardening_csv_matrix" name="test_csv_runtime_settings_do_not_accept_or_apply_user_secrets[case-194]" time="0.010" /><testcase classname="tests.test_byok_hardening_csv_matrix" name="test_csv_runtime_settings_do_not_accept_or_apply_user_secrets[case-195]" time="0.009" /><testcase classname="tests.test_byok_hardening_csv_matrix" name="test_csv_runtime_settings_do_not_accept_or_apply_user_secrets[case-196]" time="0.009" /><testcase classname="tests.test_byok_hardening_csv_matrix" name="test_csv_runtime_settings_do_not_accept_or_apply_user_secrets[case-197]" time="0.008" /><testcase classname="tests.test_byok_hardening_csv_matrix" name="test_csv_runtime_settings_do_not_accept_or_apply_user_secrets[case-198]" time="0.009" /><testcase classname="tests.test_byok_hardening_csv_matrix" name="test_csv_runtime_settings_do_not_accept_or_apply_user_secrets[case-199]" time="0.008" /><testcase classname="tests.test_byok_hardening_csv_matrix" name="test_csv_runtime_settings_do_not_accept_or_apply_user_secrets[case-200]" time="0.009" /><testcase classname="tests.test_byok_hardening_csv_matrix" name="test_csv_runtime_settings_do_not_accept_or_apply_user_secrets[case-201]" time="0.009" /><testcase classname="tests.test_byok_hardening_csv_matrix" name="test_csv_runtime_settings_do_not_accept_or_apply_user_secrets[case-202]" time="0.010" /><testcase classname="tests.test_byok_hardening_csv_matrix" name="test_csv_runtime_settings_do_not_accept_or_apply_user_secrets[case-203]" time="0.010" /><testcase classname="tests.test_byok_hardening_csv_matrix" name="test_csv_runtime_settings_do_not_accept_or_apply_user_secrets[case-204]" time="0.009" /><testcase classname="tests.test_byok_hardening_csv_matrix" name="test_csv_runtime_settings_do_not_accept_or_apply_user_secrets[case-205]" time="0.017" /><testcase classname="tests.test_byok_hardening_csv_matrix" name="test_csv_runtime_settings_do_not_accept_or_apply_user_secrets[case-206]" time="0.009" /><testcase classname="tests.test_byok_hardening_csv_matrix" name="test_csv_runtime_settings_do_not_accept_or_apply_user_secrets[case-207]" time="0.010" /><testcase classname="tests.test_byok_hardening_csv_matrix" name="test_csv_runtime_settings_do_not_accept_or_apply_user_secrets[case-208]" time="0.010" /><testcase classname="tests.test_byok_hardening_csv_matrix" name="test_csv_runtime_settings_do_not_accept_or_apply_user_secrets[case-209]" time="0.012" /><testcase classname="tests.test_byok_hardening_csv_matrix" name="test_csv_runtime_settings_do_not_accept_or_apply_user_secrets[case-210]" time="0.008" /><testcase classname="tests.test_byok_hardening_csv_matrix" name="test_csv_runtime_settings_do_not_accept_or_apply_user_secrets[case-211]" time="0.013" /><testcase classname="tests.test_byok_hardening_csv_matrix" name="test_csv_runtime_settings_do_not_accept_or_apply_user_secrets[case-212]" time="0.009" /><testcase classname="tests.test_byok_hardening_csv_matrix" name="test_csv_runtime_settings_do_not_accept_or_apply_user_secrets[case-213]" time="0.009" /><testcase classname="tests.test_byok_hardening_csv_matrix" name="test_csv_runtime_settings_do_not_accept_or_apply_user_secrets[case-214]" time="0.009" /><testcase classname="tests.test_byok_hardening_csv_matrix" name="test_csv_runtime_settings_do_not_accept_or_apply_user_secrets[case-215]" time="0.009" /><testcase classname="tests.test_byok_hardening_csv_matrix" name="test_csv_runtime_settings_do_not_accept_or_apply_user_secrets[case-216]" time="0.009" /><testcase classname="tests.test_byok_hardening_csv_matrix" name="test_csv_runtime_settings_do_not_accept_or_apply_user_secrets[case-217]" time="0.008" /><testcase classname="tests.test_byok_hardening_csv_matrix" name="test_csv_runtime_settings_do_not_accept_or_apply_user_secrets[case-218]" time="0.012" /><testcase classname="tests.test_byok_hardening_csv_matrix" name="test_csv_runtime_settings_do_not_accept_or_apply_user_secrets[case-219]" time="0.008" /><testcase classname="tests.test_byok_hardening_csv_matrix" name="test_csv_runtime_settings_do_not_accept_or_apply_user_secrets[case-220]" time="0.008" /><testcase classname="tests.test_byok_hardening_csv_matrix" name="test_csv_runtime_settings_do_not_accept_or_apply_user_secrets[case-221]" time="0.009" /><testcase classname="tests.test_byok_hardening_csv_matrix" name="test_csv_runtime_settings_do_not_accept_or_apply_user_secrets[case-222]" time="0.009" /><testcase classname="tests.test_byok_hardening_csv_matrix" name="test
[...]
ing_upload" time="0.616" /><testcase classname="tests.test_ocr" name="test_get_ocr_upload_rejects_remote_checksum_mismatch" time="0.582" /><testcase classname="tests.test_ocr" name="test_ocr_route_rejects_upload_owned_by_other_user" time="0.825" /><testcase classname="tests.test_ocr" name="test_ocr_route_returns_openrouter_text" time="0.582" /><testcase classname="tests.test_ocr" name="test_ocr_route_rejects_client_provider_model_selection" time="0.526" /><testcase classname="tests.test_ocr" name="test_ocr_prefers_router9_codex_when_connected" time="0.557" /><testcase classname="tests.test_ocr" name="test_ocr_falls_back_to_nvidia_when_openrouter_fails" time="0.614" /><testcase classname="tests.test_ocr" name="test_ocr_uses_admin_ollama_profile" time="0.576" /><testcase classname="tests.test_ocr" name="test_ocr_uses_admin_openai_compat_profile" time="8.660" /><testcase classname="tests.test_ocr" name="test_ocr_router9_allowlist_uses_single_selected_model" time="0.737" /><testcase classname="tests.test_ocr" name="test_ocr_router9_falls_back_to_openrouter_when_not_only" time="0.654" /><testcase classname="tests.test_ocr" name="test_ocr_router9_only_auto_uses_router9" time="0.694" /><testcase classname="tests.test_ocr" name="test_ocr_openrouter_fallback_reports_actual_model" time="0.627" /><testcase classname="tests.test_ocr" name="test_ocr_enforces_daily_plan_limit" time="0.536" /><testcase classname="tests.test_ocr" name="test_ocr_route_uses_env_openrouter_key_with_registry_ocr_profile" time="0.831" /><testcase classname="tests.test_ocr" name="test_ocr_route_uses_provider_default_for_empty_registry_ocr_profile" time="0.671" /><testcase classname="tests.test_ocr" name="test_ocr_route_uses_profile_fallback_models" time="0.647" /><testcase classname="tests.test_ocr" name="test_ocr_route_uses_router9_for_router9_github_profile" time="0.620" /><testcase classname="tests.test_ocr" name="test_ocr_route_uses_admin_stored_router9_key_and_profile" time="0.711" /><testcase classname="tests.test_ocr" name="test_ocr_profile_filters_cross_provider_fallback_models" time="0.610" /><testcase classname="tests.test_ocr" name="test_openrouter_ocr_payload_uses_vision_message" time="0.638" /><testcase classname="tests.test_ocr" name="test_function_ocr_candidate_requires_strict_json_and_normalizes_parameters" time="0.585" /><testcase classname="tests.test_ocr" name="test_function_ocr_candidate_rejects_prose_and_marks_invalid_expression" time="0.637" /><testcase classname="tests.test_ocr" name="test_function_ocr_extract_endpoint_does_not_run_analyzer" time="0.633" /><testcase classname="tests.test_ocr" name="test_legacy_function_ocr_endpoint_still_analyzes_candidate" time="0.561" /><testcase classname="tests.test_ocr_local_provider" name="test_local_ocr_provider_returns_local_result[asyncio]" time="0.007" /><testcase classname="tests.test_ocr_local_provider" name="test_local_ocr_low_confidence_falls_back_to_openrouter[asyncio]" time="0.004" /><testcase classname="tests.test_ocr_local_provider" name="test_explicit_remote_provider_does_not_try_local[asyncio]" time="0.004" /><testcase classname="tests.test_ocr_local_provider" name="test_explicit_local_without_fallback_raises[asyncio]" time="0.006" /><testcase classname="tests.test_ocr_pipeline" name="test_order_text_lines_by_bbox" time="0.000" /><testcase classname="tests.test_ocr_pipeline" name="test_normalize_math_text_replaces_common_symbols" time="0.001" /><testcase classname="tests.test_ocr_pipeline" name="test_merge_formula_text_appends_latex_block" time="0.000" /><testcase classname="tests.test_problem_classifier" name="test_classify_render_uses_scene_topic_before_keywords" time="0.001" /><testcase classname="tests.test_problem_classifier" name="test_classify_render_detects_function_graph_without_scene" time="0.000" /><testcase classname="tests.test_problem_classifier" name="test_classify_solve_uses_deterministic_step_kind" time="0.047" /><testcase classname="tests.test_problem_classifier" name="test_classify_solve_marks_unsupported_question" time="0.001" /><testcase classname="tests.test_problem_classifier" name="test_classifier_benchmark_csv_has_expected_coverage" time="0.015" /><testcase classname="tests.test_quality_advisory" name="test_render_advisory_clean_scene_has_low_risk" time="0.001" /><testcase classname="tests.test_quality_advisory" name="test_render_advisory_unknown_empty_scene_has_high_risk" time="0.000" /><testcase classname="tests.test_quality_advisory" name="test_render_advisory_counts_cas_unresolved_and_auto_fixed" time="0.000" /><testcase classname="tests.test_quality_advisory" name="test_render_advisory_uses_payload_computed_warnings" time="0.000" /><testcase classname="tests.test_quality_advisory" name="test_solve_advisory_verified_result_has_low_risk" time="0.000" /><testcase classname="tests.test_quality_advisory" name="test_solve_advisory_insufficient_result_has_high_risk" time="0.000" /><testcase classname="tests.test_refactor_boundaries" name="test_split_solve_and_analysis_routes_stay_registered" time="0.000" /><testcase classname="tests.test_refactor_boundaries" name="test_solve_and_analysis_routes_have_separate_tags" time="0.000" /><testcase classname="tests.test_refactor_boundaries" name="test_analysis_response_list_defaults_are_independent" time="0.000" /><testcase classname="tests.test_refactor_boundaries" name="test_analysis_response_keeps_frontend_contract_field_names" time="0.000" /><testcase classname="tests.test_refactor_boundaries" name="test_analyzer_openapi_uses_strict_typed_components" time="1.122" /><testcase classname="tests.test_refactor_boundaries" name="test_analyzer_validation_error_has_safe_typed_envelope" time="0.001" /><testcase classname="tests.test_refactor_boundaries" name="test_analyzer_rate_limit_uses_analyzer_error_code" time="0.001" /><testcase classname="tests.test_routes_algebra_solve" name="test_algebra_solve_route_registered" time="0.000" /><testcase classname="tests.test_routes_algebra_solve" name="test_algebra_solve_route_returns_solution" time="0.799" /><testcase classname="tests.test_routes_algebra_solve" name="test_algebra_solve_route_returns_input_interpretation_for_vietnamese_query" time="0.661" /><testcase classname="tests.test_routes_render" name="test_render_routes_cas_issues" time="0.023" /><testcase classname="tests.test_routes_solve" name="test_solve_route_registered" time="0.000" /><testcase classname="tests.test_routes_solve" name="test_solve_endpoint_returns_trust_metadata[asyncio]" time="0.062" /><testcase classname="tests.test_scene_output_normalization" name="test_normalize_angle_target_and_arms" time="0.000" /><testcase classname="tests.test_scene_output_normalization" name="test_scene_metadata_serializes_numpy_values_to_json" time="0.000" /><testcase classname="tests.test_scene_output_normalization" name="test_normalize_segment_target_and_color_names" time="0.000" /><testcase classname="tests.test_scene_output_normalization" name="test_normalize_scene_adds_solid_semantic_hints" time="0.000" /><testcase classname="tests.test_scene_output_normalization" name="test_segment_style_reaches_three_scene_payload" time="0.001" /><testcase classname="tests.test_scene_output_normalization" name="test_segment_style_reaches_geogebra_commands" time="0.000" /><testcase classname="tests.test_scene_output_normalization" name="test_geogebra_commands_include_basic_annotations" time="0.000" /><testcase classname="tests.test_scene_output_normalization" name="test_geogebra_commands_support_basic_3d_objects_and_coordinate_labels" time="0.000" /><testcase classname="tests.test_scene_pipeline_v3" name="test_pipeline_attaches_verification_without_mutating_input" time="0.000" /><testcase classname="tests.test_scene_pipeline_v3" name="test_pipeline_reports_failed_constraint_with_stage_code" time="0.000" /><testcase classname="tests.test_scene_pipeline_v3" name="test_pipeline_stops_before_verification_on_kind_mismatch" time="0.000" /><testcase classname="tests.test_scene_pipeline_v3" name="test_pipeline_dependency_query_uses_typed_ids" time="0.000" /><testcase classname="tests.test_scene_trust" name="test_assumptions_block_downstream_until_user_confirms" time="0.001" /><testcase classname="tests.test_scene_trust" name="test_missing_data_blocks_downstream_until_user_confirms" time="0.001" /><testcase classname="tests.test_scene_trust" name="test_scene_trust_filters_untrusted_measurement_labels" time="0.001" /><testcase classname="tests.test_scene_trust" name="test_scene_trust_labels_show_illustration_and_assumption" time="0.000" /><testcase classname="tests.test_scene_v3" name="test_v2_adapter_creates_deterministic_typed_references" time="0.002" /><testcase classname="tests.test_scene_v3" name="test_v3_rejects_missing_reference_instead_of_dropping_data" time="0.001" /><testcase classname="tests.test_scene_v3" name="test_v2_adapter_marks_ambiguous_label_for_confirmation" time="0.000" /><testcase classname="tests.test_scene_v3" name="test_scene_command_requires_scene_and_base_revision" time="0.000" /><testcase classname="tests.test_scene_v3" name="test_v3_does_not_generate_missing_ids_during_validation" time="0.000" /><testcase classname="tests.test_scene_validator" name="test_pre_validate_drops_invalid_object_type" time="0.000" /><testcase classname="tests.test_scene_validator" name="test_pre_validate_keeps_unsupported_relation_for_verification_report" time="0.000" /><testcase classname="tests.test_scene_validator" name="test_pre_validate_normalizes_relation_type_case" time="0.000" /><testcase classname="tests.test_scene_validator" name="test_pre_validate_drops_invalid_annotation_type" time="0.000" /><testcase classname="tests.test_scene_validator" name="test_numeric_quality_warns_near_duplicate_points" time="0.000" /><testcase classname="tests.test_scene_validator" name="test_dedupe_duplicate_point_names" time="0.000" /><testcase classname="tests.test_scene_validator" name="test_reference_integrity_drops_segment_with_missing_point" time="0.000" /><testcase classname="tests.test_scene_validator" name="test_reference_integrity_drops_relation_with_missing_point" time="0.000" /><testcase classname="tests.test_scene_validator" name="test_reference_integrity_drops_annotation_with_missing_arms" time="0.000" /><testcase classname="tests.test_scene_validator" name="test_fact_metadata_is_normalized_for_relations_and_annotations" time="0.001" /><testcase classname="tests.test_scene_validator" name="test_dimension_warning_2d_renderer_with_3d_point" time="0.000" /><testcase classname="tests.test_scene_validator" name="test_geometry_drops_zero_segment" time="0.000" /><testcase classname="tests.test_scene_validator" name="test_geometry_drops_invalid_sphere_radius" time="0.000" /><testcase classname="tests.test_scene_validator" name="test_geometry_drops_face_with_too_few_points" time="0.001" /><testcase classname="tests.test_scene_validator" name="test_geometry_drops_invalid_function_graph" time="0.001" /><testcase classname="tests.test_scene_validator" name="test_parameter_clamps_default" time="0.001" /><testcase classname="tests.test_scene_validator" name="test_parameter_drops_reserved_name" time="0.000" /><testcase classname="tests.test_scene_validator" name="test_expr_drops_unknown_variable" time="0.001" /><testcase classname="tests.test_scene_validator" name="test_annotation_target_abc_split_to_arms" time="0.001" /><testcase classname="tests.test_scene_validator" name="test_annotation_segment_target_normalized" time="0.001" /><testcase classname="tests.test_scene_validator" name="test_e2e_full_pipeline" time="0.001" /><testcase classname="tests.test_settings_defaults" name="test_cors_defaults_target_local_dev_origins" time="0.003" /><testcase classname="tests.test_settings_defaults" name="test_production_requires_secure_cookie_and_strict_origin_checks" time="0.011" /><testcase classname="tests.test_settings_defaults" name="test_settings_defaults_route_hides_api_keys" time="0.008" /><testcase classname="tests.test_settings_defaults" name="test_settings_defaults_exposes_public_feature_flags" time="0.396" /><testcase classname="tests.test_settings_defaults" name="test_settings_defaults_loads_ollama_base_url_from_database" time="0.331" /><testcase classname="tests.test_settings_defaults" name="test_settings_defaults_falls_back_to_env_when_database_lacks_ollama" time="0.403" /><testcase classname="tests.test_settings_defaults" name="test_settings_defaults_reports_legacy_key_present_without_activating_it" time="0.397" /><testcase classname="tests.test_settings_defaults" name="test_settings_defaults_reports_allowed_openrouter_default" time="0.335" /><testcase classname="tests.test_settings_defaults" name="test_settings_defaults_exposes_model_capabilities" time="0.336" /><testcase classname="tests.test_settings_defaults" name="test_settings_defaults_reports_nvidia_ocr_profile" time="0.389" /><testcase classname="tests.test_settings_defaults" name="test_settings_defaults_uses_provider_default_for_empty_ocr_profile" time="0.405" /><testcase classname="tests.test_settings_defaults" name="test_settings_defaults_normalizes_raw_openrouter_model_to_allowlist" time="0.419" /><testcase classname="tests.test_solver_service" name="test_solve_point_point_distance" time="0.054" /><testcase classname="tests.test_solver_service" name="test_solve_point_point_distance_exact_radical" time="0.006" /><testcase classname="tests.test_solver_service" name="test_solve_point_line_distance" time="0.057" /><testcase classname="tests.test_solver_service" name="test_solve_point_plane_distance" time="0.044" /><testcase classname="tests.test_solver_service" name="test_classical_solver_uses_deterministic_safe_template" time="0.049" /><testcase classname="tests.test_solver_service" name="test_metric_solver_rejects_generic_solid_without_metric_evidence" time="0.000" /><testcase classname="tests.test_solver_service" name="test_metric_solver_rejects_construction_only_metric_label" time="0.000" /><testcase classname="tests.test_solver_service" name="test_metric_solver_accepts_given_metric_label" time="0.047" /><testcase classname="tests.test_solver_service" name="test_solver_used_facts_reflects_inferred_metadata" time="0.001" /><testcase classname="tests.test_solver_service" name="test_angle_solver_allows_verified_qualitative_relation_without_metric_values" time="0.001" /><testcase classname="tests.test_solver_service" name="test_metric_solver_warns_when_using_parameter_defaults" time="0.044" /><testcase classname="tests.test_solver_service" name="test_solve_line_plane_angle" time="0.001" /><testcase classname="tests.test_solver_service" name="test_classical_line_plane_angle_uses_projection" time="0.001" /><testcase classname="tests.test_solver_service" name="test_classical_line_plane_angle_detects_perpendicular_line" time="0.001" /><testcase classname="tests.test_solver_service" name="test_classical_plane_plane_angle_template" time="0.001" /><testcase classname="tests.test_solver_service" name="test_classical_plane_plane_angle_uses_flat_dihedral_angle" time="0.001" /><testcase classname="tests.test_solver_service" name="test_solve_area" time="0.048" /><testcase classname="tests.test_solver_service" name="test_solve_pyramid_volume" time="0.088" /><testcase classname="tests.test_solver_service" name="test_classical_pyramid_volume_uses_declared_height" time="0.085" /><testcase classname="tests.test_solver_service" name="test_classical_pyramid_volume_rejects_missing_height_relation" time="0.082" /><testcase classname="tests.test_solver_service" name="test_solve_zero_distance_warns_about_scene_geometry" time="0.001" /><testcase classname="tests.test_solver_service" name="test_solve_skew_line_distance" time="0.043" /><testcase classname="tests.test_solver_service" name="test_perpendicular_check_rejects_skew_orthogonal_lines" time="0.001" /><testcase classname="tests.test_solver_service" name="test_solve_line_equation" time="0.001" /><testcase classname="tests.test_solver_service" name="test_solve_plane_equation" time="0.000" /><testcase classname="tests.test_solver_service" name="test_solve_dot_product" time="0.001" /><testcase classname="tests.test_solver_service" name="test_solve_cross_product" time="0.001" /><testcase classname="tests.test_solver_service" name="test_solve_projection_point_plane" time="0.001" /><testcase classname="tests.test_solver_service" name="test_solve_reflection_point_plane" time="0.001" /><testcase classname="tests.test_solver_service" name="test_solve_collinear_false" time="0.001" /><testcase classname="tests.test_solver_service" name="test_classical_collinear_template" time="0.001" /><testcase classname="tests.test_solver_service" name="test_solve_coplanar_true" time="0.000" /><testcase classname="tests.test_solver_service" name="test_classical_coplanar_template" time="0.000" /><testcase classname="tests.test_solver_service" name="test_solve_unsupported_returns_warning" time="0.000" /><testcase classname="tests.test_solver_service" name="test_ai_explainer_cannot_change_formula_or_result" time="0.001" /><testcase classname="tests.test_upload_storage" name="test_save_upload_image_persists_data_url_without_r2[asyncio]" time="0.329" /><testcase classname="tests.test_upload_storage" name="test_save_upload_image_uses_r2_as_primary_storage[asyncio]" time="0.299" /><testcase classname="tests.test_upload_storage" name="test_save_upload_image_uses_appwrite_before_r2[asyncio]" time="0.356" /><testcase classname="tests.test_upload_storage" name="test_save_upload_image_falls_back_to_r2_when_appwrite_auto_fails[asyncio]" time="0.396" /><testcase classname="tests.test_upload_storage" name="test_save_upload_image_rejects_unconfigured_forced_provider[asyncio]" time="0.289" /><testcase classname="tests.test_upload_storage" name="test_save_upload_image_rejects_unsupported_type[asyncio]" time="0.332" /><testcase classname="tests.test_upload_storage" name="test_save_upload_image_rejects_fake_image_payload[asyncio]" time="0.282" /><testcase classname="tests.test_upload_storage" name="test_save_upload_image_rejects_truncated_png_header[asyncio]" time="0.295" /><testcase classname="tests.test_upload_storage" name="test_save_upload_image_rejects_too_large_image[asyncio]" time="0.298" /><testcase classname="tests.test_upload_storage" name="test_load_upload_image_reads_appwrite_when_database_base64_is_empty[asyncio]" time="0.293" /><testcase classname="tests.test_upload_storage" name="test_save_upload_image_external_only_clears_base64_for_remote_provider[asyncio]" time="0.291" /><testcase classname="tests.test_upload_storage" name="test_load_upload_body_from_record_reads_verified_inline_base64[asyncio]" time="0.006" /><testcase classname="tests.test_upload_storage" name="test_load_upload_body_from_record_rejects_invalid_inline_base64[asyncio]" time="0.003" /><testcase classname="tests.test_upload_storage" name="test_load_upload_image_rejects_remote_checksum_mismatch[asyncio]" time="0.453" /><testcase classname="tests.test_upload_storage" name="test_load_upload_image_reads_r2_when_database_base64_is_empty[asyncio]" time="0.350" /><testcase classname="tests.test_user_settings_api" name="test_user_settings_defaults_are_redacted" time="0.638" /><testcase classname="tests.test_user_settings_api" name="test_user_can_save_byok_provider_without_leaking_key" time="0.609" /><testcase classname="tests.test_user_settings_api" name="test_user_settings_requires_encryption_key_for_enabled_byok" time="0.655" /><testcase classname="tests.test_user_settings_api" name="test_user_ai_models_and_profiles_validate_vision" time="0.685" /><testcase classname="tests.test_user_settings_api" name="test_byok_settings_are_scoped_per_user" time="0.896" /><testcase classname="tests.test_user_settings_api" name="test_cannot_delete_model_used_by_task_profile" time="0.677" /><testcase classname="tests.test_user_settings_api" name="test_byok_provider_check_returns_generic_provider_error" time="0.613" /></testsuite></testsuites>